2022-05-15 21:06:37.950  INFO 2368 --- [restartedMain] mdpRealizeCouponsToKillOrdersApplication : Starting SpringBootRedisHmdpRealizeCouponsToKillOrdersApplication using Java 16.0.2 on mao with PID 2368 (H:\程序\大三下期\spring_boot_redis_hmdp实现优惠券秒杀下单\target\classes started by mao in H:\程序\大三下期\spring_boot_redis_hmdp实现优惠券秒杀下单)
2022-05-15 21:06:37.951 DEBUG 2368 --- [restartedMain] mdpRealizeCouponsToKillOrdersApplication : Running with Spring Boot v2.6.7, Spring v5.3.19
2022-05-15 21:06:37.951  INFO 2368 --- [restartedMain] mdpRealizeCouponsToKillOrdersApplication : The following 1 profile is active: "dev"
2022-05-15 21:06:37.999  INFO 2368 --- [restartedMain] .e.DevToolsPropertyDefaultsPostProcessor : Devtools property defaults active! Set 'spring.devtools.add-properties' to 'false' to disable
2022-05-15 21:06:38.000  INFO 2368 --- [restartedMain] .e.DevToolsPropertyDefaultsPostProcessor : For additional web related logging consider setting the 'logging.level.web' property to 'DEBUG'
2022-05-15 21:06:38.798  INFO 2368 --- [restartedMain] .s.d.r.c.RepositoryConfigurationDelegate : Multiple Spring Data modules found, entering strict repository configuration mode!
2022-05-15 21:06:38.802  INFO 2368 --- [restartedMain] .s.d.r.c.RepositoryConfigurationDelegate : Bootstrapping Spring Data Redis repositories in DEFAULT mode.
2022-05-15 21:06:38.853  INFO 2368 --- [restartedMain] .s.d.r.c.RepositoryConfigurationDelegate : Finished Spring Data repository scanning in 23 ms. Found 0 Redis repository interfaces.
2022-05-15 21:06:39.507  INFO 2368 --- [restartedMain] o.s.b.w.embedded.tomcat.TomcatWebServer  : Tomcat initialized with port(s): 8081 (http)
2022-05-15 21:06:39.517  INFO 2368 --- [restartedMain] o.apache.catalina.core.StandardService   : Starting service [Tomcat]
2022-05-15 21:06:39.517  INFO 2368 --- [restartedMain] org.apache.catalina.core.StandardEngine  : Starting Servlet engine: [Apache Tomcat/9.0.62]
2022-05-15 21:06:39.592  INFO 2368 --- [restartedMain] o.a.c.c.C.[Tomcat].[localhost].[/]       : Initializing Spring embedded WebApplicationContext
2022-05-15 21:06:39.592  INFO 2368 --- [restartedMain] w.s.c.ServletWebServerApplicationContext : Root WebApplicationContext: initialization completed in 1591 ms
2022-05-15 21:06:39.854  INFO 2368 --- [restartedMain] c.a.d.s.b.a.DruidDataSourceAutoConfigure : Init DruidDataSource
2022-05-15 21:06:40.009  INFO 2368 --- [restartedMain] com.alibaba.druid.pool.DruidDataSource   : {dataSource-1} inited
2022-05-15 21:06:40.935  INFO 2368 --- [restartedMain] o.s.b.d.a.OptionalLiveReloadServer       : LiveReload server is running on port 35729
2022-05-15 21:06:40.974  INFO 2368 --- [restartedMain] o.s.b.w.embedded.tomcat.TomcatWebServer  : Tomcat started on port(s): 8081 (http) with context path ''
2022-05-15 21:06:40.985  INFO 2368 --- [restartedMain] mdpRealizeCouponsToKillOrdersApplication : Started SpringBootRedisHmdpRealizeCouponsToKillOrdersApplication in 3.481 seconds (JVM running for 4.021)
2022-05-15 21:11:14.630  INFO 2368 --- [SpringApplicationShutdownHook] com.alibaba.druid.pool.DruidDataSource   : {dataSource-1} closing ...
2022-05-15 21:11:14.631  INFO 2368 --- [SpringApplicationShutdownHook] com.alibaba.druid.pool.DruidDataSource   : {dataSource-1} closed
2022-05-15 21:12:44.259  INFO 11320 --- [restartedMain] mdpRealizeCouponsToKillOrdersApplication : Starting SpringBootRedisHmdpRealizeCouponsToKillOrdersApplication using Java 16.0.2 on mao with PID 11320 (H:\程序\大三下期\spring_boot_redis_hmdp实现优惠券秒杀下单\target\classes started by mao in H:\程序\大三下期\spring_boot_redis_hmdp实现优惠券秒杀下单)
2022-05-15 21:12:44.260 DEBUG 11320 --- [restartedMain] mdpRealizeCouponsToKillOrdersApplication : Running with Spring Boot v2.6.7, Spring v5.3.19
2022-05-15 21:12:44.260  INFO 11320 --- [restartedMain] mdpRealizeCouponsToKillOrdersApplication : The following 1 profile is active: "dev"
2022-05-15 21:12:44.294  INFO 11320 --- [restartedMain] .e.DevToolsPropertyDefaultsPostProcessor : Devtools property defaults active! Set 'spring.devtools.add-properties' to 'false' to disable
2022-05-15 21:12:44.294  INFO 11320 --- [restartedMain] .e.DevToolsPropertyDefaultsPostProcessor : For additional web related logging consider setting the 'logging.level.web' property to 'DEBUG'
2022-05-15 21:12:44.792  INFO 11320 --- [restartedMain] .s.d.r.c.RepositoryConfigurationDelegate : Multiple Spring Data modules found, entering strict repository configuration mode!
2022-05-15 21:12:44.794  INFO 11320 --- [restartedMain] .s.d.r.c.RepositoryConfigurationDelegate : Bootstrapping Spring Data Redis repositories in DEFAULT mode.
2022-05-15 21:12:44.815  INFO 11320 --- [restartedMain] .s.d.r.c.RepositoryConfigurationDelegate : Finished Spring Data repository scanning in 11 ms. Found 0 Redis repository interfaces.
2022-05-15 21:12:45.231  INFO 11320 --- [restartedMain] o.s.b.w.embedded.tomcat.TomcatWebServer  : Tomcat initialized with port(s): 8081 (http)
2022-05-15 21:12:45.238  INFO 11320 --- [restartedMain] o.apache.catalina.core.StandardService   : Starting service [Tomcat]
2022-05-15 21:12:45.238  INFO 11320 --- [restartedMain] org.apache.catalina.core.StandardEngine  : Starting Servlet engine: [Apache Tomcat/9.0.62]
2022-05-15 21:12:45.295  INFO 11320 --- [restartedMain] o.a.c.c.C.[Tomcat].[localhost].[/]       : Initializing Spring embedded WebApplicationContext
2022-05-15 21:12:45.295  INFO 11320 --- [restartedMain] w.s.c.ServletWebServerApplicationContext : Root WebApplicationContext: initialization completed in 1000 ms
2022-05-15 21:12:45.514  INFO 11320 --- [restartedMain] c.a.d.s.b.a.DruidDataSourceAutoConfigure : Init DruidDataSource
2022-05-15 21:12:45.607  INFO 11320 --- [restartedMain] com.alibaba.druid.pool.DruidDataSource   : {dataSource-1} inited
2022-05-15 21:12:46.469  INFO 11320 --- [restartedMain] o.s.b.d.a.OptionalLiveReloadServer       : LiveReload server is running on port 35729
2022-05-15 21:12:46.516  INFO 11320 --- [restartedMain] o.s.b.w.embedded.tomcat.TomcatWebServer  : Tomcat started on port(s): 8081 (http) with context path ''
2022-05-15 21:12:46.526  INFO 11320 --- [restartedMain] mdpRealizeCouponsToKillOrdersApplication : Started SpringBootRedisHmdpRealizeCouponsToKillOrdersApplication in 2.603 seconds (JVM running for 3.165)
