2022-05-15 21:06:37.950  INFO 2368 --- [restartedMain] mdpRealizeCouponsToKillOrdersApplication : Starting SpringBootRedisHmdpRealizeCouponsToKillOrdersApplication using Java 16.0.2 on mao with PID 2368 (H:\程序\大三下期\spring_boot_redis_hmdp实现优惠券秒杀下单\target\classes started by mao in H:\程序\大三下期\spring_boot_redis_hmdp实现优惠券秒杀下单)
2022-05-15 21:06:37.951 DEBUG 2368 --- [restartedMain] mdpRealizeCouponsToKillOrdersApplication : Running with Spring Boot v2.6.7, Spring v5.3.19
2022-05-15 21:06:37.951  INFO 2368 --- [restartedMain] mdpRealizeCouponsToKillOrdersApplication : The following 1 profile is active: "dev"
2022-05-15 21:06:37.999  INFO 2368 --- [restartedMain] .e.DevToolsPropertyDefaultsPostProcessor : Devtools property defaults active! Set 'spring.devtools.add-properties' to 'false' to disable
2022-05-15 21:06:38.000  INFO 2368 --- [restartedMain] .e.DevToolsPropertyDefaultsPostProcessor : For additional web related logging consider setting the 'logging.level.web' property to 'DEBUG'
2022-05-15 21:06:38.798  INFO 2368 --- [restartedMain] .s.d.r.c.RepositoryConfigurationDelegate : Multiple Spring Data modules found, entering strict repository configuration mode!
2022-05-15 21:06:38.802  INFO 2368 --- [restartedMain] .s.d.r.c.RepositoryConfigurationDelegate : Bootstrapping Spring Data Redis repositories in DEFAULT mode.
2022-05-15 21:06:38.853  INFO 2368 --- [restartedMain] .s.d.r.c.RepositoryConfigurationDelegate : Finished Spring Data repository scanning in 23 ms. Found 0 Redis repository interfaces.
2022-05-15 21:06:39.507  INFO 2368 --- [restartedMain] o.s.b.w.embedded.tomcat.TomcatWebServer  : Tomcat initialized with port(s): 8081 (http)
2022-05-15 21:06:39.517  INFO 2368 --- [restartedMain] o.apache.catalina.core.StandardService   : Starting service [Tomcat]
2022-05-15 21:06:39.517  INFO 2368 --- [restartedMain] org.apache.catalina.core.StandardEngine  : Starting Servlet engine: [Apache Tomcat/9.0.62]
2022-05-15 21:06:39.592  INFO 2368 --- [restartedMain] o.a.c.c.C.[Tomcat].[localhost].[/]       : Initializing Spring embedded WebApplicationContext
2022-05-15 21:06:39.592  INFO 2368 --- [restartedMain] w.s.c.ServletWebServerApplicationContext : Root WebApplicationContext: initialization completed in 1591 ms
2022-05-15 21:06:39.854  INFO 2368 --- [restartedMain] c.a.d.s.b.a.DruidDataSourceAutoConfigure : Init DruidDataSource
2022-05-15 21:06:40.009  INFO 2368 --- [restartedMain] com.alibaba.druid.pool.DruidDataSource   : {dataSource-1} inited
2022-05-15 21:06:40.935  INFO 2368 --- [restartedMain] o.s.b.d.a.OptionalLiveReloadServer       : LiveReload server is running on port 35729
2022-05-15 21:06:40.974  INFO 2368 --- [restartedMain] o.s.b.w.embedded.tomcat.TomcatWebServer  : Tomcat started on port(s): 8081 (http) with context path ''
2022-05-15 21:06:40.985  INFO 2368 --- [restartedMain] mdpRealizeCouponsToKillOrdersApplication : Started SpringBootRedisHmdpRealizeCouponsToKillOrdersApplication in 3.481 seconds (JVM running for 4.021)
2022-05-15 21:11:14.630  INFO 2368 --- [SpringApplicationShutdownHook] com.alibaba.druid.pool.DruidDataSource   : {dataSource-1} closing ...
2022-05-15 21:11:14.631  INFO 2368 --- [SpringApplicationShutdownHook] com.alibaba.druid.pool.DruidDataSource   : {dataSource-1} closed
2022-05-15 21:12:44.259  INFO 11320 --- [restartedMain] mdpRealizeCouponsToKillOrdersApplication : Starting SpringBootRedisHmdpRealizeCouponsToKillOrdersApplication using Java 16.0.2 on mao with PID 11320 (H:\程序\大三下期\spring_boot_redis_hmdp实现优惠券秒杀下单\target\classes started by mao in H:\程序\大三下期\spring_boot_redis_hmdp实现优惠券秒杀下单)
2022-05-15 21:12:44.260 DEBUG 11320 --- [restartedMain] mdpRealizeCouponsToKillOrdersApplication : Running with Spring Boot v2.6.7, Spring v5.3.19
2022-05-15 21:12:44.260  INFO 11320 --- [restartedMain] mdpRealizeCouponsToKillOrdersApplication : The following 1 profile is active: "dev"
2022-05-15 21:12:44.294  INFO 11320 --- [restartedMain] .e.DevToolsPropertyDefaultsPostProcessor : Devtools property defaults active! Set 'spring.devtools.add-properties' to 'false' to disable
2022-05-15 21:12:44.294  INFO 11320 --- [restartedMain] .e.DevToolsPropertyDefaultsPostProcessor : For additional web related logging consider setting the 'logging.level.web' property to 'DEBUG'
2022-05-15 21:12:44.792  INFO 11320 --- [restartedMain] .s.d.r.c.RepositoryConfigurationDelegate : Multiple Spring Data modules found, entering strict repository configuration mode!
2022-05-15 21:12:44.794  INFO 11320 --- [restartedMain] .s.d.r.c.RepositoryConfigurationDelegate : Bootstrapping Spring Data Redis repositories in DEFAULT mode.
2022-05-15 21:12:44.815  INFO 11320 --- [restartedMain] .s.d.r.c.RepositoryConfigurationDelegate : Finished Spring Data repository scanning in 11 ms. Found 0 Redis repository interfaces.
2022-05-15 21:12:45.231  INFO 11320 --- [restartedMain] o.s.b.w.embedded.tomcat.TomcatWebServer  : Tomcat initialized with port(s): 8081 (http)
2022-05-15 21:12:45.238  INFO 11320 --- [restartedMain] o.apache.catalina.core.StandardService   : Starting service [Tomcat]
2022-05-15 21:12:45.238  INFO 11320 --- [restartedMain] org.apache.catalina.core.StandardEngine  : Starting Servlet engine: [Apache Tomcat/9.0.62]
2022-05-15 21:12:45.295  INFO 11320 --- [restartedMain] o.a.c.c.C.[Tomcat].[localhost].[/]       : Initializing Spring embedded WebApplicationContext
2022-05-15 21:12:45.295  INFO 11320 --- [restartedMain] w.s.c.ServletWebServerApplicationContext : Root WebApplicationContext: initialization completed in 1000 ms
2022-05-15 21:12:45.514  INFO 11320 --- [restartedMain] c.a.d.s.b.a.DruidDataSourceAutoConfigure : Init DruidDataSource
2022-05-15 21:12:45.607  INFO 11320 --- [restartedMain] com.alibaba.druid.pool.DruidDataSource   : {dataSource-1} inited
2022-05-15 21:12:46.469  INFO 11320 --- [restartedMain] o.s.b.d.a.OptionalLiveReloadServer       : LiveReload server is running on port 35729
2022-05-15 21:12:46.516  INFO 11320 --- [restartedMain] o.s.b.w.embedded.tomcat.TomcatWebServer  : Tomcat started on port(s): 8081 (http) with context path ''
2022-05-15 21:12:46.526  INFO 11320 --- [restartedMain] mdpRealizeCouponsToKillOrdersApplication : Started SpringBootRedisHmdpRealizeCouponsToKillOrdersApplication in 2.603 seconds (JVM running for 3.165)
2022-05-15 21:13:02.068  INFO 11320 --- [http-nio-8081-exec-2] o.a.c.c.C.[Tomcat].[localhost].[/]       : Initializing Spring DispatcherServlet 'dispatcherServlet'
2022-05-15 21:13:02.068  INFO 11320 --- [http-nio-8081-exec-2] o.s.web.servlet.DispatcherServlet        : Initializing Servlet 'dispatcherServlet'
2022-05-15 21:13:02.069  INFO 11320 --- [http-nio-8081-exec-2] o.s.web.servlet.DispatcherServlet        : Completed initialization in 1 ms
2022-05-15 21:13:35.913  WARN 11320 --- [http-nio-8081-exec-3] .w.s.m.s.DefaultHandlerExceptionResolver : Resolved [org.springframework.web.HttpRequestMethodNotSupportedException: Request method 'GET' not supported]
2022-05-15 21:14:14.112 DEBUG 11320 --- [http-nio-8081-exec-4] m.s.m.SeckillVoucherMapper.selectById    : ==>  Preparing: SELECT voucher_id,stock,create_time,begin_time,end_time,update_time FROM tb_seckill_voucher WHERE voucher_id=?
2022-05-15 21:14:14.134 DEBUG 11320 --- [http-nio-8081-exec-4] m.s.m.SeckillVoucherMapper.selectById    : ==> Parameters: 1(Long)
2022-05-15 21:14:14.148 DEBUG 11320 --- [http-nio-8081-exec-4] m.s.m.SeckillVoucherMapper.selectById    : <==      Total: 0
2022-05-15 21:14:25.399 DEBUG 11320 --- [http-nio-8081-exec-5] m.s.m.SeckillVoucherMapper.selectById    : ==>  Preparing: SELECT voucher_id,stock,create_time,begin_time,end_time,update_time FROM tb_seckill_voucher WHERE voucher_id=?
2022-05-15 21:14:25.400 DEBUG 11320 --- [http-nio-8081-exec-5] m.s.m.SeckillVoucherMapper.selectById    : ==> Parameters: 1(Long)
2022-05-15 21:14:25.401 DEBUG 11320 --- [http-nio-8081-exec-5] m.s.m.SeckillVoucherMapper.selectById    : <==      Total: 0
2022-05-15 21:16:06.616  WARN 11320 --- [http-nio-8081-exec-7] c.a.druid.pool.DruidAbstractDataSource   : discard long time none received connection. , jdbcUrl : jdbc:mysql://localhost:3306/test, version : 1.2.8, lastPacketReceivedIdleMillis : 101208
2022-05-15 21:16:06.637 DEBUG 11320 --- [http-nio-8081-exec-7] m.s.m.SeckillVoucherMapper.selectById    : ==>  Preparing: SELECT voucher_id,stock,create_time,begin_time,end_time,update_time FROM tb_seckill_voucher WHERE voucher_id=?
2022-05-15 21:16:06.638 DEBUG 11320 --- [http-nio-8081-exec-7] m.s.m.SeckillVoucherMapper.selectById    : ==> Parameters: 1(Long)
2022-05-15 21:16:06.639 DEBUG 11320 --- [http-nio-8081-exec-7] m.s.m.SeckillVoucherMapper.selectById    : <==      Total: 0
2022-05-15 21:16:07.718 DEBUG 11320 --- [http-nio-8081-exec-9] m.s.m.SeckillVoucherMapper.selectById    : ==>  Preparing: SELECT voucher_id,stock,create_time,begin_time,end_time,update_time FROM tb_seckill_voucher WHERE voucher_id=?
2022-05-15 21:16:07.719 DEBUG 11320 --- [http-nio-8081-exec-9] m.s.m.SeckillVoucherMapper.selectById    : ==> Parameters: 1(Long)
2022-05-15 21:16:07.720 DEBUG 11320 --- [http-nio-8081-exec-9] m.s.m.SeckillVoucherMapper.selectById    : <==      Total: 0
2022-05-15 21:17:01.139 DEBUG 11320 --- [http-nio-8081-exec-10] m.s.m.SeckillVoucherMapper.selectById    : ==>  Preparing: SELECT voucher_id,stock,create_time,begin_time,end_time,update_time FROM tb_seckill_voucher WHERE voucher_id=?
2022-05-15 21:17:01.139 DEBUG 11320 --- [http-nio-8081-exec-10] m.s.m.SeckillVoucherMapper.selectById    : ==> Parameters: 1(Long)
2022-05-15 21:17:01.140 DEBUG 11320 --- [http-nio-8081-exec-10] m.s.m.SeckillVoucherMapper.selectById    : <==      Total: 0
2022-05-15 21:17:48.785 DEBUG 11320 --- [http-nio-8081-exec-1] m.s.m.SeckillVoucherMapper.selectById    : ==>  Preparing: SELECT voucher_id,stock,create_time,begin_time,end_time,update_time FROM tb_seckill_voucher WHERE voucher_id=?
2022-05-15 21:17:48.786 DEBUG 11320 --- [http-nio-8081-exec-1] m.s.m.SeckillVoucherMapper.selectById    : ==> Parameters: 1(Long)
2022-05-15 21:17:48.787 DEBUG 11320 --- [http-nio-8081-exec-1] m.s.m.SeckillVoucherMapper.selectById    : <==      Total: 0
2022-05-15 21:18:20.342 DEBUG 11320 --- [http-nio-8081-exec-2] m.s.m.SeckillVoucherMapper.selectById    : ==>  Preparing: SELECT voucher_id,stock,create_time,begin_time,end_time,update_time FROM tb_seckill_voucher WHERE voucher_id=?
2022-05-15 21:18:20.342 DEBUG 11320 --- [http-nio-8081-exec-2] m.s.m.SeckillVoucherMapper.selectById    : ==> Parameters: 2(Long)
2022-05-15 21:18:20.348 DEBUG 11320 --- [http-nio-8081-exec-2] m.s.m.SeckillVoucherMapper.selectById    : <==      Total: 1
2022-05-15 21:18:20.377 DEBUG 11320 --- [http-nio-8081-exec-2] m.s.mapper.SeckillVoucherMapper.update   : ==>  Preparing: UPDATE tb_seckill_voucher SET stock = stock - 1 WHERE (voucher_id = ?)
2022-05-15 21:18:20.380 DEBUG 11320 --- [http-nio-8081-exec-2] m.s.mapper.SeckillVoucherMapper.update   : ==> Parameters: 2(Long)
2022-05-15 21:18:20.383 DEBUG 11320 --- [http-nio-8081-exec-2] m.s.mapper.SeckillVoucherMapper.update   : <==    Updates: 1
2022-05-15 21:18:20.724 ERROR 11320 --- [http-nio-8081-exec-2] m.s.config.WebExceptionAdvice            : java.lang.NullPointerException: Cannot invoke "mao.spring_boot_redis_hmdp.dto.UserDTO.getId()" because the return value of "mao.spring_boot_redis_hmdp.utils.UserHolder.getUser()" is null

java.lang.NullPointerException: Cannot invoke "mao.spring_boot_redis_hmdp.dto.UserDTO.getId()" because the return value of "mao.spring_boot_redis_hmdp.utils.UserHolder.getUser()" is null
	at mao.spring_boot_redis_hmdp.service.impl.VoucherOrderServiceImpl.seckillVoucher(VoucherOrderServiceImpl.java:73) ~[classes/:na]
	at mao.spring_boot_redis_hmdp.service.impl.VoucherOrderServiceImpl$$FastClassBySpringCGLIB$$c32edb0b.invoke(<generated>) ~[classes/:na]
	at org.springframework.cglib.proxy.MethodProxy.invoke(MethodProxy.java:218) ~[spring-core-5.3.19.jar:5.3.19]
	at org.springframework.aop.framework.CglibAopProxy.invokeMethod(CglibAopProxy.java:386) ~[spring-aop-5.3.19.jar:5.3.19]
	at org.springframework.aop.framework.CglibAopProxy.access$000(CglibAopProxy.java:85) ~[spring-aop-5.3.19.jar:5.3.19]
	at org.springframework.aop.framework.CglibAopProxy$DynamicAdvisedInterceptor.intercept(CglibAopProxy.java:704) ~[spring-aop-5.3.19.jar:5.3.19]
	at mao.spring_boot_redis_hmdp.service.impl.VoucherOrderServiceImpl$$EnhancerBySpringCGLIB$$87dca2a2.seckillVoucher(<generated>) ~[classes/:na]
	at mao.spring_boot_redis_hmdp.controller.VoucherOrderController.seckillVoucher(VoucherOrderController.java:23) ~[classes/:na]
	at java.base/jdk.internal.reflect.NativeMethodAccessorImpl.invoke0(Native Method) ~[na:na]
	at java.base/jdk.internal.reflect.NativeMethodAccessorImpl.invoke(NativeMethodAccessorImpl.java:78) ~[na:na]
	at java.base/jdk.internal.reflect.DelegatingMethodAccessorImpl.invoke(DelegatingMethodAccessorImpl.java:43) ~[na:na]
	at java.base/java.lang.reflect.Method.invoke(Method.java:567) ~[na:na]
	at org.springframework.web.method.support.InvocableHandlerMethod.doInvoke(InvocableHandlerMethod.java:205) ~[spring-web-5.3.19.jar:5.3.19]
	at org.springframework.web.method.support.InvocableHandlerMethod.invokeForRequest(InvocableHandlerMethod.java:150) ~[spring-web-5.3.19.jar:5.3.19]
	at org.springframework.web.servlet.mvc.method.annotation.ServletInvocableHandlerMethod.invokeAndHandle(ServletInvocableHandlerMethod.java:117) ~[spring-webmvc-5.3.19.jar:5.3.19]
	at org.springframework.web.servlet.mvc.method.annotation.RequestMappingHandlerAdapter.invokeHandlerMethod(RequestMappingHandlerAdapter.java:895) ~[spring-webmvc-5.3.19.jar:5.3.19]
	at org.springframework.web.servlet.mvc.method.annotation.RequestMappingHandlerAdapter.handleInternal(RequestMappingHandlerAdapter.java:808) ~[spring-webmvc-5.3.19.jar:5.3.19]
	at org.springframework.web.servlet.mvc.method.AbstractHandlerMethodAdapter.handle(AbstractHandlerMethodAdapter.java:87) ~[spring-webmvc-5.3.19.jar:5.3.19]
	at org.springframework.web.servlet.DispatcherServlet.doDispatch(DispatcherServlet.java:1067) ~[spring-webmvc-5.3.19.jar:5.3.19]
	at org.springframework.web.servlet.DispatcherServlet.doService(DispatcherServlet.java:963) ~[spring-webmvc-5.3.19.jar:5.3.19]
	at org.springframework.web.servlet.FrameworkServlet.processRequest(FrameworkServlet.java:1006) ~[spring-webmvc-5.3.19.jar:5.3.19]
	at org.springframework.web.servlet.FrameworkServlet.doPost(FrameworkServlet.java:909) ~[spring-webmvc-5.3.19.jar:5.3.19]
	at javax.servlet.http.HttpServlet.service(HttpServlet.java:681) ~[tomcat-embed-core-9.0.62.jar:4.0.FR]
	at org.springframework.web.servlet.FrameworkServlet.service(FrameworkServlet.java:883) ~[spring-webmvc-5.3.19.jar:5.3.19]
	at javax.servlet.http.HttpServlet.service(HttpServlet.java:764) ~[tomcat-embed-core-9.0.62.jar:4.0.FR]
	at org.apache.catalina.core.ApplicationFilterChain.internalDoFilter(ApplicationFilterChain.java:227) ~[tomcat-embed-core-9.0.62.jar:9.0.62]
	at org.apache.catalina.core.ApplicationFilterChain.doFilter(ApplicationFilterChain.java:162) ~[tomcat-embed-core-9.0.62.jar:9.0.62]
	at org.apache.tomcat.websocket.server.WsFilter.doFilter(WsFilter.java:53) ~[tomcat-embed-websocket-9.0.62.jar:9.0.62]
	at org.apache.catalina.core.ApplicationFilterChain.internalDoFilter(ApplicationFilterChain.java:189) ~[tomcat-embed-core-9.0.62.jar:9.0.62]
	at org.apache.catalina.core.ApplicationFilterChain.doFilter(ApplicationFilterChain.java:162) ~[tomcat-embed-core-9.0.62.jar:9.0.62]
	at org.springframework.web.filter.RequestContextFilter.doFilterInternal(RequestContextFilter.java:100) ~[spring-web-5.3.19.jar:5.3.19]
	at org.springframework.web.filter.OncePerRequestFilter.doFilter(OncePerRequestFilter.java:117) ~[spring-web-5.3.19.jar:5.3.19]
	at org.apache.catalina.core.ApplicationFilterChain.internalDoFilter(ApplicationFilterChain.java:189) ~[tomcat-embed-core-9.0.62.jar:9.0.62]
	at org.apache.catalina.core.ApplicationFilterChain.doFilter(ApplicationFilterChain.java:162) ~[tomcat-embed-core-9.0.62.jar:9.0.62]
	at org.springframework.web.filter.FormContentFilter.doFilterInternal(FormContentFilter.java:93) ~[spring-web-5.3.19.jar:5.3.19]
	at org.springframework.web.filter.OncePerRequestFilter.doFilter(OncePerRequestFilter.java:117) ~[spring-web-5.3.19.jar:5.3.19]
	at org.apache.catalina.core.ApplicationFilterChain.internalDoFilter(ApplicationFilterChain.java:189) ~[tomcat-embed-core-9.0.62.jar:9.0.62]
	at org.apache.catalina.core.ApplicationFilterChain.doFilter(ApplicationFilterChain.java:162) ~[tomcat-embed-core-9.0.62.jar:9.0.62]
	at org.springframework.web.filter.CharacterEncodingFilter.doFilterInternal(CharacterEncodingFilter.java:201) ~[spring-web-5.3.19.jar:5.3.19]
	at org.springframework.web.filter.OncePerRequestFilter.doFilter(OncePerRequestFilter.java:117) ~[spring-web-5.3.19.jar:5.3.19]
	at org.apache.catalina.core.ApplicationFilterChain.internalDoFilter(ApplicationFilterChain.java:189) ~[tomcat-embed-core-9.0.62.jar:9.0.62]
	at org.apache.catalina.core.ApplicationFilterChain.doFilter(ApplicationFilterChain.java:162) ~[tomcat-embed-core-9.0.62.jar:9.0.62]
	at org.apache.catalina.core.StandardWrapperValve.invoke(StandardWrapperValve.java:197) ~[tomcat-embed-core-9.0.62.jar:9.0.62]
	at org.apache.catalina.core.StandardContextValve.invoke(StandardContextValve.java:97) ~[tomcat-embed-core-9.0.62.jar:9.0.62]
	at org.apache.catalina.authenticator.AuthenticatorBase.invoke(AuthenticatorBase.java:541) ~[tomcat-embed-core-9.0.62.jar:9.0.62]
	at org.apache.catalina.core.StandardHostValve.invoke(StandardHostValve.java:135) ~[tomcat-embed-core-9.0.62.jar:9.0.62]
	at org.apache.catalina.valves.ErrorReportValve.invoke(ErrorReportValve.java:92) ~[tomcat-embed-core-9.0.62.jar:9.0.62]
	at org.apache.catalina.core.StandardEngineValve.invoke(StandardEngineValve.java:78) ~[tomcat-embed-core-9.0.62.jar:9.0.62]
	at org.apache.catalina.connector.CoyoteAdapter.service(CoyoteAdapter.java:360) ~[tomcat-embed-core-9.0.62.jar:9.0.62]
	at org.apache.coyote.http11.Http11Processor.service(Http11Processor.java:399) ~[tomcat-embed-core-9.0.62.jar:9.0.62]
	at org.apache.coyote.AbstractProcessorLight.process(AbstractProcessorLight.java:65) ~[tomcat-embed-core-9.0.62.jar:9.0.62]
	at org.apache.coyote.AbstractProtocol$ConnectionHandler.process(AbstractProtocol.java:890) ~[tomcat-embed-core-9.0.62.jar:9.0.62]
	at org.apache.tomcat.util.net.NioEndpoint$SocketProcessor.doRun(NioEndpoint.java:1743) ~[tomcat-embed-core-9.0.62.jar:9.0.62]
	at org.apache.tomcat.util.net.SocketProcessorBase.run(SocketProcessorBase.java:49) ~[tomcat-embed-core-9.0.62.jar:9.0.62]
	at org.apache.tomcat.util.threads.ThreadPoolExecutor.runWorker(ThreadPoolExecutor.java:1191) ~[tomcat-embed-core-9.0.62.jar:9.0.62]
	at org.apache.tomcat.util.threads.ThreadPoolExecutor$Worker.run(ThreadPoolExecutor.java:659) ~[tomcat-embed-core-9.0.62.jar:9.0.62]
	at org.apache.tomcat.util.threads.TaskThread$WrappingRunnable.run(TaskThread.java:61) ~[tomcat-embed-core-9.0.62.jar:9.0.62]
	at java.base/java.lang.Thread.run(Thread.java:831) ~[na:na]

2022-05-15 21:18:20.726  WARN 11320 --- [http-nio-8081-exec-2] .m.m.a.ExceptionHandlerExceptionResolver : Resolved [java.lang.NullPointerException: Cannot invoke "mao.spring_boot_redis_hmdp.dto.UserDTO.getId()" because the return value of "mao.spring_boot_redis_hmdp.utils.UserHolder.getUser()" is null]
