2022-05-15 21:30:55.261  WARN 15100 --- [http-nio-8081-exec-16] .w.s.m.s.DefaultHandlerExceptionResolver : Resolved [org.springframework.web.HttpRequestMethodNotSupportedException: Request method 'GET' not supported]
2022-05-15 21:30:55.272  WARN 15100 --- [http-nio-8081-exec-5] .w.s.m.s.DefaultHandlerExceptionResolver : Resolved [org.springframework.web.HttpRequestMethodNotSupportedException: Request method 'GET' not supported]
2022-05-15 21:30:55.282  WARN 15100 --- [http-nio-8081-exec-15] .w.s.m.s.DefaultHandlerExceptionResolver : Resolved [org.springframework.web.HttpRequestMethodNotSupportedException: Request method 'GET' not supported]
2022-05-15 21:30:55.292  WARN 15100 --- [http-nio-8081-exec-3] .w.s.m.s.DefaultHandlerExceptionResolver : Resolved [org.springframework.web.HttpRequestMethodNotSupportedException: Request method 'GET' not supported]
2022-05-15 21:30:55.300  WARN 15100 --- [http-nio-8081-exec-10] .w.s.m.s.DefaultHandlerExceptionResolver : Resolved [org.springframework.web.HttpRequestMethodNotSupportedException: Request method 'GET' not supported]
2022-05-15 21:30:55.311  WARN 15100 --- [http-nio-8081-exec-1] .w.s.m.s.DefaultHandlerExceptionResolver : Resolved [org.springframework.web.HttpRequestMethodNotSupportedException: Request method 'GET' not supported]
2022-05-15 21:30:55.321  WARN 15100 --- [http-nio-8081-exec-4] .w.s.m.s.DefaultHandlerExceptionResolver : Resolved [org.springframework.web.HttpRequestMethodNotSupportedException: Request method 'GET' not supported]
2022-05-15 21:30:55.331  WARN 15100 --- [http-nio-8081-exec-17] .w.s.m.s.DefaultHandlerExceptionResolver : Resolved [org.springframework.web.HttpRequestMethodNotSupportedException: Request method 'GET' not supported]
2022-05-15 21:30:55.342  WARN 15100 --- [http-nio-8081-exec-7] .w.s.m.s.DefaultHandlerExceptionResolver : Resolved [org.springframework.web.HttpRequestMethodNotSupportedException: Request method 'GET' not supported]
2022-05-15 21:30:55.351  WARN 15100 --- [http-nio-8081-exec-2] .w.s.m.s.DefaultHandlerExceptionResolver : Resolved [org.springframework.web.HttpRequestMethodNotSupportedException: Request method 'GET' not supported]
2022-05-15 21:30:55.361  WARN 15100 --- [http-nio-8081-exec-16] .w.s.m.s.DefaultHandlerExceptionResolver : Resolved [org.springframework.web.HttpRequestMethodNotSupportedException: Request method 'GET' not supported]
2022-05-15 21:30:55.373  WARN 15100 --- [http-nio-8081-exec-5] .w.s.m.s.DefaultHandlerExceptionResolver : Resolved [org.springframework.web.HttpRequestMethodNotSupportedException: Request method 'GET' not supported]
2022-05-15 21:30:55.383  WARN 15100 --- [http-nio-8081-exec-15] .w.s.m.s.DefaultHandlerExceptionResolver : Resolved [org.springframework.web.HttpRequestMethodNotSupportedException: Request method 'GET' not supported]
2022-05-15 21:30:55.391  WARN 15100 --- [http-nio-8081-exec-3] .w.s.m.s.DefaultHandlerExceptionResolver : Resolved [org.springframework.web.HttpRequestMethodNotSupportedException: Request method 'GET' not supported]
2022-05-15 21:30:55.401  WARN 15100 --- [http-nio-8081-exec-10] .w.s.m.s.DefaultHandlerExceptionResolver : Resolved [org.springframework.web.HttpRequestMethodNotSupportedException: Request method 'GET' not supported]
2022-05-15 21:30:55.411  WARN 15100 --- [http-nio-8081-exec-1] .w.s.m.s.DefaultHandlerExceptionResolver : Resolved [org.springframework.web.HttpRequestMethodNotSupportedException: Request method 'GET' not supported]
2022-05-15 21:30:55.422  WARN 15100 --- [http-nio-8081-exec-4] .w.s.m.s.DefaultHandlerExceptionResolver : Resolved [org.springframework.web.HttpRequestMethodNotSupportedException: Request method 'GET' not supported]
2022-05-15 21:30:55.432  WARN 15100 --- [http-nio-8081-exec-17] .w.s.m.s.DefaultHandlerExceptionResolver : Resolved [org.springframework.web.HttpRequestMethodNotSupportedException: Request method 'GET' not supported]
2022-05-15 21:30:55.443  WARN 15100 --- [http-nio-8081-exec-7] .w.s.m.s.DefaultHandlerExceptionResolver : Resolved [org.springframework.web.HttpRequestMethodNotSupportedException: Request method 'GET' not supported]
2022-05-15 21:30:55.451  WARN 15100 --- [http-nio-8081-exec-2] .w.s.m.s.DefaultHandlerExceptionResolver : Resolved [org.springframework.web.HttpRequestMethodNotSupportedException: Request method 'GET' not supported]
2022-05-15 21:30:55.462  WARN 15100 --- [http-nio-8081-exec-16] .w.s.m.s.DefaultHandlerExceptionResolver : Resolved [org.springframework.web.HttpRequestMethodNotSupportedException: Request method 'GET' not supported]
2022-05-15 21:30:55.471  WARN 15100 --- [http-nio-8081-exec-5] .w.s.m.s.DefaultHandlerExceptionResolver : Resolved [org.springframework.web.HttpRequestMethodNotSupportedException: Request method 'GET' not supported]
2022-05-15 21:30:55.482  WARN 15100 --- [http-nio-8081-exec-15] .w.s.m.s.DefaultHandlerExceptionResolver : Resolved [org.springframework.web.HttpRequestMethodNotSupportedException: Request method 'GET' not supported]
2022-05-15 21:30:55.492  WARN 15100 --- [http-nio-8081-exec-3] .w.s.m.s.DefaultHandlerExceptionResolver : Resolved [org.springframework.web.HttpRequestMethodNotSupportedException: Request method 'GET' not supported]
2022-05-15 21:30:55.501  WARN 15100 --- [http-nio-8081-exec-10] .w.s.m.s.DefaultHandlerExceptionResolver : Resolved [org.springframework.web.HttpRequestMethodNotSupportedException: Request method 'GET' not supported]
2022-05-15 21:30:55.512  WARN 15100 --- [http-nio-8081-exec-1] .w.s.m.s.DefaultHandlerExceptionResolver : Resolved [org.springframework.web.HttpRequestMethodNotSupportedException: Request method 'GET' not supported]
2022-05-15 21:30:55.521  WARN 15100 --- [http-nio-8081-exec-4] .w.s.m.s.DefaultHandlerExceptionResolver : Resolved [org.springframework.web.HttpRequestMethodNotSupportedException: Request method 'GET' not supported]
2022-05-15 21:30:55.531  WARN 15100 --- [http-nio-8081-exec-17] .w.s.m.s.DefaultHandlerExceptionResolver : Resolved [org.springframework.web.HttpRequestMethodNotSupportedException: Request method 'GET' not supported]
2022-05-15 21:30:55.542  WARN 15100 --- [http-nio-8081-exec-7] .w.s.m.s.DefaultHandlerExceptionResolver : Resolved [org.springframework.web.HttpRequestMethodNotSupportedException: Request method 'GET' not supported]
2022-05-15 21:30:55.552  WARN 15100 --- [http-nio-8081-exec-2] .w.s.m.s.DefaultHandlerExceptionResolver : Resolved [org.springframework.web.HttpRequestMethodNotSupportedException: Request method 'GET' not supported]
2022-05-15 21:30:55.562  WARN 15100 --- [http-nio-8081-exec-16] .w.s.m.s.DefaultHandlerExceptionResolver : Resolved [org.springframework.web.HttpRequestMethodNotSupportedException: Request method 'GET' not supported]
2022-05-15 21:30:55.572  WARN 15100 --- [http-nio-8081-exec-5] .w.s.m.s.DefaultHandlerExceptionResolver : Resolved [org.springframework.web.HttpRequestMethodNotSupportedException: Request method 'GET' not supported]
2022-05-15 21:30:55.581  WARN 15100 --- [http-nio-8081-exec-15] .w.s.m.s.DefaultHandlerExceptionResolver : Resolved [org.springframework.web.HttpRequestMethodNotSupportedException: Request method 'GET' not supported]
2022-05-15 21:30:55.592  WARN 15100 --- [http-nio-8081-exec-3] .w.s.m.s.DefaultHandlerExceptionResolver : Resolved [org.springframework.web.HttpRequestMethodNotSupportedException: Request method 'GET' not supported]
2022-05-15 21:30:55.603  WARN 15100 --- [http-nio-8081-exec-10] .w.s.m.s.DefaultHandlerExceptionResolver : Resolved [org.springframework.web.HttpRequestMethodNotSupportedException: Request method 'GET' not supported]
2022-05-15 21:30:55.612  WARN 15100 --- [http-nio-8081-exec-1] .w.s.m.s.DefaultHandlerExceptionResolver : Resolved [org.springframework.web.HttpRequestMethodNotSupportedException: Request method 'GET' not supported]
2022-05-15 21:30:55.622  WARN 15100 --- [http-nio-8081-exec-4] .w.s.m.s.DefaultHandlerExceptionResolver : Resolved [org.springframework.web.HttpRequestMethodNotSupportedException: Request method 'GET' not supported]
2022-05-15 21:30:55.630  WARN 15100 --- [http-nio-8081-exec-17] .w.s.m.s.DefaultHandlerExceptionResolver : Resolved [org.springframework.web.HttpRequestMethodNotSupportedException: Request method 'GET' not supported]
2022-05-15 21:30:55.642  WARN 15100 --- [http-nio-8081-exec-7] .w.s.m.s.DefaultHandlerExceptionResolver : Resolved [org.springframework.web.HttpRequestMethodNotSupportedException: Request method 'GET' not supported]
2022-05-15 21:30:55.651  WARN 15100 --- [http-nio-8081-exec-2] .w.s.m.s.DefaultHandlerExceptionResolver : Resolved [org.springframework.web.HttpRequestMethodNotSupportedException: Request method 'GET' not supported]
2022-05-15 21:30:55.660  WARN 15100 --- [http-nio-8081-exec-16] .w.s.m.s.DefaultHandlerExceptionResolver : Resolved [org.springframework.web.HttpRequestMethodNotSupportedException: Request method 'GET' not supported]
2022-05-15 21:30:55.670  WARN 15100 --- [http-nio-8081-exec-5] .w.s.m.s.DefaultHandlerExceptionResolver : Resolved [org.springframework.web.HttpRequestMethodNotSupportedException: Request method 'GET' not supported]
2022-05-15 21:30:55.682  WARN 15100 --- [http-nio-8081-exec-15] .w.s.m.s.DefaultHandlerExceptionResolver : Resolved [org.springframework.web.HttpRequestMethodNotSupportedException: Request method 'GET' not supported]
2022-05-15 21:30:55.691  WARN 15100 --- [http-nio-8081-exec-3] .w.s.m.s.DefaultHandlerExceptionResolver : Resolved [org.springframework.web.HttpRequestMethodNotSupportedException: Request method 'GET' not supported]
2022-05-15 21:30:55.700  WARN 15100 --- [http-nio-8081-exec-10] .w.s.m.s.DefaultHandlerExceptionResolver : Resolved [org.springframework.web.HttpRequestMethodNotSupportedException: Request method 'GET' not supported]
2022-05-15 21:30:55.712  WARN 15100 --- [http-nio-8081-exec-1] .w.s.m.s.DefaultHandlerExceptionResolver : Resolved [org.springframework.web.HttpRequestMethodNotSupportedException: Request method 'GET' not supported]
2022-05-15 21:30:55.721  WARN 15100 --- [http-nio-8081-exec-4] .w.s.m.s.DefaultHandlerExceptionResolver : Resolved [org.springframework.web.HttpRequestMethodNotSupportedException: Request method 'GET' not supported]
2022-05-15 21:30:55.730  WARN 15100 --- [http-nio-8081-exec-17] .w.s.m.s.DefaultHandlerExceptionResolver : Resolved [org.springframework.web.HttpRequestMethodNotSupportedException: Request method 'GET' not supported]
2022-05-15 21:30:55.740  WARN 15100 --- [http-nio-8081-exec-7] .w.s.m.s.DefaultHandlerExceptionResolver : Resolved [org.springframework.web.HttpRequestMethodNotSupportedException: Request method 'GET' not supported]
2022-05-15 21:30:55.752  WARN 15100 --- [http-nio-8081-exec-2] .w.s.m.s.DefaultHandlerExceptionResolver : Resolved [org.springframework.web.HttpRequestMethodNotSupportedException: Request method 'GET' not supported]
2022-05-15 21:30:55.761  WARN 15100 --- [http-nio-8081-exec-16] .w.s.m.s.DefaultHandlerExceptionResolver : Resolved [org.springframework.web.HttpRequestMethodNotSupportedException: Request method 'GET' not supported]
2022-05-15 21:30:55.770  WARN 15100 --- [http-nio-8081-exec-5] .w.s.m.s.DefaultHandlerExceptionResolver : Resolved [org.springframework.web.HttpRequestMethodNotSupportedException: Request method 'GET' not supported]
2022-05-15 21:30:55.782  WARN 15100 --- [http-nio-8081-exec-15] .w.s.m.s.DefaultHandlerExceptionResolver : Resolved [org.springframework.web.HttpRequestMethodNotSupportedException: Request method 'GET' not supported]
2022-05-15 21:30:55.791  WARN 15100 --- [http-nio-8081-exec-3] .w.s.m.s.DefaultHandlerExceptionResolver : Resolved [org.springframework.web.HttpRequestMethodNotSupportedException: Request method 'GET' not supported]
2022-05-15 21:30:55.801  WARN 15100 --- [http-nio-8081-exec-10] .w.s.m.s.DefaultHandlerExceptionResolver : Resolved [org.springframework.web.HttpRequestMethodNotSupportedException: Request method 'GET' not supported]
2022-05-15 21:30:55.810  WARN 15100 --- [http-nio-8081-exec-1] .w.s.m.s.DefaultHandlerExceptionResolver : Resolved [org.springframework.web.HttpRequestMethodNotSupportedException: Request method 'GET' not supported]
2022-05-15 21:30:55.821  WARN 15100 --- [http-nio-8081-exec-4] .w.s.m.s.DefaultHandlerExceptionResolver : Resolved [org.springframework.web.HttpRequestMethodNotSupportedException: Request method 'GET' not supported]
2022-05-15 21:30:55.831  WARN 15100 --- [http-nio-8081-exec-17] .w.s.m.s.DefaultHandlerExceptionResolver : Resolved [org.springframework.web.HttpRequestMethodNotSupportedException: Request method 'GET' not supported]
2022-05-15 21:30:55.840  WARN 15100 --- [http-nio-8081-exec-7] .w.s.m.s.DefaultHandlerExceptionResolver : Resolved [org.springframework.web.HttpRequestMethodNotSupportedException: Request method 'GET' not supported]
2022-05-15 21:30:55.850  WARN 15100 --- [http-nio-8081-exec-2] .w.s.m.s.DefaultHandlerExceptionResolver : Resolved [org.springframework.web.HttpRequestMethodNotSupportedException: Request method 'GET' not supported]
2022-05-15 21:30:55.860  WARN 15100 --- [http-nio-8081-exec-16] .w.s.m.s.DefaultHandlerExceptionResolver : Resolved [org.springframework.web.HttpRequestMethodNotSupportedException: Request method 'GET' not supported]
2022-05-15 21:30:55.871  WARN 15100 --- [http-nio-8081-exec-5] .w.s.m.s.DefaultHandlerExceptionResolver : Resolved [org.springframework.web.HttpRequestMethodNotSupportedException: Request method 'GET' not supported]
2022-05-15 21:30:55.882  WARN 15100 --- [http-nio-8081-exec-15] .w.s.m.s.DefaultHandlerExceptionResolver : Resolved [org.springframework.web.HttpRequestMethodNotSupportedException: Request method 'GET' not supported]
2022-05-15 21:30:55.890  WARN 15100 --- [http-nio-8081-exec-3] .w.s.m.s.DefaultHandlerExceptionResolver : Resolved [org.springframework.web.HttpRequestMethodNotSupportedException: Request method 'GET' not supported]
2022-05-15 21:30:55.901  WARN 15100 --- [http-nio-8081-exec-10] .w.s.m.s.DefaultHandlerExceptionResolver : Resolved [org.springframework.web.HttpRequestMethodNotSupportedException: Request method 'GET' not supported]
2022-05-15 21:30:55.911  WARN 15100 --- [http-nio-8081-exec-1] .w.s.m.s.DefaultHandlerExceptionResolver : Resolved [org.springframework.web.HttpRequestMethodNotSupportedException: Request method 'GET' not supported]
2022-05-15 21:30:55.921  WARN 15100 --- [http-nio-8081-exec-4] .w.s.m.s.DefaultHandlerExceptionResolver : Resolved [org.springframework.web.HttpRequestMethodNotSupportedException: Request method 'GET' not supported]
2022-05-15 21:30:55.931  WARN 15100 --- [http-nio-8081-exec-17] .w.s.m.s.DefaultHandlerExceptionResolver : Resolved [org.springframework.web.HttpRequestMethodNotSupportedException: Request method 'GET' not supported]
2022-05-15 21:30:55.940  WARN 15100 --- [http-nio-8081-exec-7] .w.s.m.s.DefaultHandlerExceptionResolver : Resolved [org.springframework.web.HttpRequestMethodNotSupportedException: Request method 'GET' not supported]
2022-05-15 21:30:55.951  WARN 15100 --- [http-nio-8081-exec-2] .w.s.m.s.DefaultHandlerExceptionResolver : Resolved [org.springframework.web.HttpRequestMethodNotSupportedException: Request method 'GET' not supported]
2022-05-15 21:30:55.960  WARN 15100 --- [http-nio-8081-exec-16] .w.s.m.s.DefaultHandlerExceptionResolver : Resolved [org.springframework.web.HttpRequestMethodNotSupportedException: Request method 'GET' not supported]
2022-05-15 21:31:50.850  WARN 15100 --- [http-nio-8081-exec-5] c.a.druid.pool.DruidAbstractDataSource   : discard long time none received connection. , jdbcUrl : jdbc:mysql://localhost:3306/test, version : 1.2.8, lastPacketReceivedIdleMillis : 314256
2022-05-15 21:31:50.873 DEBUG 15100 --- [http-nio-8081-exec-5] m.s.m.SeckillVoucherMapper.selectById    : ==>  Preparing: SELECT voucher_id,stock,create_time,begin_time,end_time,update_time FROM tb_seckill_voucher WHERE voucher_id=?
2022-05-15 21:31:50.873 DEBUG 15100 --- [http-nio-8081-exec-5] m.s.m.SeckillVoucherMapper.selectById    : ==> Parameters: 2(Long)
2022-05-15 21:31:50.875 DEBUG 15100 --- [http-nio-8081-exec-5] m.s.m.SeckillVoucherMapper.selectById    : <==      Total: 1
2022-05-15 21:31:50.876 DEBUG 15100 --- [http-nio-8081-exec-20] m.s.m.SeckillVoucherMapper.selectById    : ==>  Preparing: SELECT voucher_id,stock,create_time,begin_time,end_time,update_time FROM tb_seckill_voucher WHERE voucher_id=?
2022-05-15 21:31:50.876 DEBUG 15100 --- [http-nio-8081-exec-20] m.s.m.SeckillVoucherMapper.selectById    : ==> Parameters: 2(Long)
2022-05-15 21:31:50.877 DEBUG 15100 --- [http-nio-8081-exec-20] m.s.m.SeckillVoucherMapper.selectById    : <==      Total: 1
2022-05-15 21:31:50.877 DEBUG 15100 --- [http-nio-8081-exec-14] m.s.m.SeckillVoucherMapper.selectById    : ==>  Preparing: SELECT voucher_id,stock,create_time,begin_time,end_time,update_time FROM tb_seckill_voucher WHERE voucher_id=?
2022-05-15 21:31:50.878 DEBUG 15100 --- [http-nio-8081-exec-14] m.s.m.SeckillVoucherMapper.selectById    : ==> Parameters: 2(Long)
