2022-05-15 21:31:51.214 DEBUG 15100 --- [http-nio-8081-exec-16] m.s.m.SeckillVoucherMapper.selectById    : <==      Total: 1
2022-05-15 21:31:51.218 DEBUG 15100 --- [http-nio-8081-exec-16] m.s.mapper.SeckillVoucherMapper.update   : ==>  Preparing: UPDATE tb_seckill_voucher SET stock = stock - 1 WHERE (voucher_id = ?)
2022-05-15 21:31:51.218 DEBUG 15100 --- [http-nio-8081-exec-16] m.s.mapper.SeckillVoucherMapper.update   : ==> Parameters: 2(Long)
2022-05-15 21:31:51.221 DEBUG 15100 --- [http-nio-8081-exec-16] m.s.mapper.SeckillVoucherMapper.update   : <==    Updates: 1
2022-05-15 21:31:51.223 DEBUG 15100 --- [http-nio-8081-exec-16] m.s.mapper.VoucherOrderMapper.insert     : ==>  Preparing: INSERT INTO tb_voucher_order ( id, user_id, voucher_id ) VALUES ( ?, ?, ? )
2022-05-15 21:31:51.224 DEBUG 15100 --- [http-nio-8081-exec-4] m.s.m.SeckillVoucherMapper.selectById    : ==>  Preparing: SELECT voucher_id,stock,create_time,begin_time,end_time,update_time FROM tb_seckill_voucher WHERE voucher_id=?
2022-05-15 21:31:51.224 DEBUG 15100 --- [http-nio-8081-exec-16] m.s.mapper.VoucherOrderMapper.insert     : ==> Parameters: 50058320576249903(Long), 5(Long), 2(Long)
2022-05-15 21:31:51.224 DEBUG 15100 --- [http-nio-8081-exec-4] m.s.m.SeckillVoucherMapper.selectById    : ==> Parameters: 2(Long)
2022-05-15 21:31:51.225 DEBUG 15100 --- [http-nio-8081-exec-4] m.s.m.SeckillVoucherMapper.selectById    : <==      Total: 1
2022-05-15 21:31:51.227 DEBUG 15100 --- [http-nio-8081-exec-4] m.s.mapper.SeckillVoucherMapper.update   : ==>  Preparing: UPDATE tb_seckill_voucher SET stock = stock - 1 WHERE (voucher_id = ?)
2022-05-15 21:31:51.227 DEBUG 15100 --- [http-nio-8081-exec-16] m.s.mapper.VoucherOrderMapper.insert     : <==    Updates: 1
2022-05-15 21:31:51.227 DEBUG 15100 --- [http-nio-8081-exec-4] m.s.mapper.SeckillVoucherMapper.update   : ==> Parameters: 2(Long)
2022-05-15 21:31:51.230 DEBUG 15100 --- [http-nio-8081-exec-4] m.s.mapper.SeckillVoucherMapper.update   : <==    Updates: 1
2022-05-15 21:31:51.232 DEBUG 15100 --- [http-nio-8081-exec-4] m.s.mapper.VoucherOrderMapper.insert     : ==>  Preparing: INSERT INTO tb_voucher_order ( id, user_id, voucher_id ) VALUES ( ?, ?, ? )
2022-05-15 21:31:51.232 DEBUG 15100 --- [http-nio-8081-exec-4] m.s.mapper.VoucherOrderMapper.insert     : ==> Parameters: 50058320576249904(Long), 5(Long), 2(Long)
2022-05-15 21:31:51.234 DEBUG 15100 --- [http-nio-8081-exec-1] m.s.m.SeckillVoucherMapper.selectById    : ==>  Preparing: SELECT voucher_id,stock,create_time,begin_time,end_time,update_time FROM tb_seckill_voucher WHERE voucher_id=?
2022-05-15 21:31:51.234 DEBUG 15100 --- [http-nio-8081-exec-1] m.s.m.SeckillVoucherMapper.selectById    : ==> Parameters: 2(Long)
2022-05-15 21:31:51.235 DEBUG 15100 --- [http-nio-8081-exec-4] m.s.mapper.VoucherOrderMapper.insert     : <==    Updates: 1
2022-05-15 21:31:51.236 DEBUG 15100 --- [http-nio-8081-exec-1] m.s.m.SeckillVoucherMapper.selectById    : <==      Total: 1
2022-05-15 21:31:51.237 DEBUG 15100 --- [http-nio-8081-exec-1] m.s.mapper.SeckillVoucherMapper.update   : ==>  Preparing: UPDATE tb_seckill_voucher SET stock = stock - 1 WHERE (voucher_id = ?)
2022-05-15 21:31:51.238 DEBUG 15100 --- [http-nio-8081-exec-1] m.s.mapper.SeckillVoucherMapper.update   : ==> Parameters: 2(Long)
2022-05-15 21:31:51.241 DEBUG 15100 --- [http-nio-8081-exec-1] m.s.mapper.SeckillVoucherMapper.update   : <==    Updates: 1
2022-05-15 21:31:51.242 DEBUG 15100 --- [http-nio-8081-exec-1] m.s.mapper.VoucherOrderMapper.insert     : ==>  Preparing: INSERT INTO tb_voucher_order ( id, user_id, voucher_id ) VALUES ( ?, ?, ? )
2022-05-15 21:31:51.243 DEBUG 15100 --- [http-nio-8081-exec-1] m.s.mapper.VoucherOrderMapper.insert     : ==> Parameters: 50058320576249905(Long), 5(Long), 2(Long)
2022-05-15 21:31:51.243 DEBUG 15100 --- [http-nio-8081-exec-9] m.s.m.SeckillVoucherMapper.selectById    : ==>  Preparing: SELECT voucher_id,stock,create_time,begin_time,end_time,update_time FROM tb_seckill_voucher WHERE voucher_id=?
2022-05-15 21:31:51.243 DEBUG 15100 --- [http-nio-8081-exec-9] m.s.m.SeckillVoucherMapper.selectById    : ==> Parameters: 2(Long)
2022-05-15 21:31:51.244 DEBUG 15100 --- [http-nio-8081-exec-9] m.s.m.SeckillVoucherMapper.selectById    : <==      Total: 1
2022-05-15 21:31:51.245 DEBUG 15100 --- [http-nio-8081-exec-1] m.s.mapper.VoucherOrderMapper.insert     : <==    Updates: 1
2022-05-15 21:31:51.245 DEBUG 15100 --- [http-nio-8081-exec-9] m.s.mapper.SeckillVoucherMapper.update   : ==>  Preparing: UPDATE tb_seckill_voucher SET stock = stock - 1 WHERE (voucher_id = ?)
2022-05-15 21:31:51.245 DEBUG 15100 --- [http-nio-8081-exec-9] m.s.mapper.SeckillVoucherMapper.update   : ==> Parameters: 2(Long)
2022-05-15 21:31:51.248 DEBUG 15100 --- [http-nio-8081-exec-9] m.s.mapper.SeckillVoucherMapper.update   : <==    Updates: 1
2022-05-15 21:31:51.250 DEBUG 15100 --- [http-nio-8081-exec-9] m.s.mapper.VoucherOrderMapper.insert     : ==>  Preparing: INSERT INTO tb_voucher_order ( id, user_id, voucher_id ) VALUES ( ?, ?, ? )
2022-05-15 21:31:51.250 DEBUG 15100 --- [http-nio-8081-exec-9] m.s.mapper.VoucherOrderMapper.insert     : ==> Parameters: 50058320576249906(Long), 5(Long), 2(Long)
2022-05-15 21:31:51.252 DEBUG 15100 --- [http-nio-8081-exec-14] m.s.m.SeckillVoucherMapper.selectById    : ==>  Preparing: SELECT voucher_id,stock,create_time,begin_time,end_time,update_time FROM tb_seckill_voucher WHERE voucher_id=?
2022-05-15 21:31:51.253 DEBUG 15100 --- [http-nio-8081-exec-14] m.s.m.SeckillVoucherMapper.selectById    : ==> Parameters: 2(Long)
2022-05-15 21:31:51.253 DEBUG 15100 --- [http-nio-8081-exec-9] m.s.mapper.VoucherOrderMapper.insert     : <==    Updates: 1
2022-05-15 21:31:51.254 DEBUG 15100 --- [http-nio-8081-exec-14] m.s.m.SeckillVoucherMapper.selectById    : <==      Total: 1
2022-05-15 21:31:51.255 DEBUG 15100 --- [http-nio-8081-exec-14] m.s.mapper.SeckillVoucherMapper.update   : ==>  Preparing: UPDATE tb_seckill_voucher SET stock = stock - 1 WHERE (voucher_id = ?)
2022-05-15 21:31:51.255 DEBUG 15100 --- [http-nio-8081-exec-14] m.s.mapper.SeckillVoucherMapper.update   : ==> Parameters: 2(Long)
2022-05-15 21:31:51.258 DEBUG 15100 --- [http-nio-8081-exec-14] m.s.mapper.SeckillVoucherMapper.update   : <==    Updates: 1
2022-05-15 21:31:51.259 DEBUG 15100 --- [http-nio-8081-exec-14] m.s.mapper.VoucherOrderMapper.insert     : ==>  Preparing: INSERT INTO tb_voucher_order ( id, user_id, voucher_id ) VALUES ( ?, ?, ? )
2022-05-15 21:31:51.260 DEBUG 15100 --- [http-nio-8081-exec-14] m.s.mapper.VoucherOrderMapper.insert     : ==> Parameters: 50058320576249907(Long), 5(Long), 2(Long)
2022-05-15 21:31:51.262 DEBUG 15100 --- [http-nio-8081-exec-14] m.s.mapper.VoucherOrderMapper.insert     : <==    Updates: 1
2022-05-15 21:31:51.264 DEBUG 15100 --- [http-nio-8081-exec-15] m.s.m.SeckillVoucherMapper.selectById    : ==>  Preparing: SELECT voucher_id,stock,create_time,begin_time,end_time,update_time FROM tb_seckill_voucher WHERE voucher_id=?
2022-05-15 21:31:51.264 DEBUG 15100 --- [http-nio-8081-exec-15] m.s.m.SeckillVoucherMapper.selectById    : ==> Parameters: 2(Long)
2022-05-15 21:31:51.265 DEBUG 15100 --- [http-nio-8081-exec-15] m.s.m.SeckillVoucherMapper.selectById    : <==      Total: 1
2022-05-15 21:31:51.266 DEBUG 15100 --- [http-nio-8081-exec-15] m.s.mapper.SeckillVoucherMapper.update   : ==>  Preparing: UPDATE tb_seckill_voucher SET stock = stock - 1 WHERE (voucher_id = ?)
2022-05-15 21:31:51.266 DEBUG 15100 --- [http-nio-8081-exec-15] m.s.mapper.SeckillVoucherMapper.update   : ==> Parameters: 2(Long)
2022-05-15 21:31:51.268 DEBUG 15100 --- [http-nio-8081-exec-15] m.s.mapper.SeckillVoucherMapper.update   : <==    Updates: 1
2022-05-15 21:31:51.270 DEBUG 15100 --- [http-nio-8081-exec-15] m.s.mapper.VoucherOrderMapper.insert     : ==>  Preparing: INSERT INTO tb_voucher_order ( id, user_id, voucher_id ) VALUES ( ?, ?, ? )
2022-05-15 21:31:51.270 DEBUG 15100 --- [http-nio-8081-exec-15] m.s.mapper.VoucherOrderMapper.insert     : ==> Parameters: 50058320576249908(Long), 5(Long), 2(Long)
2022-05-15 21:31:51.272 DEBUG 15100 --- [http-nio-8081-exec-15] m.s.mapper.VoucherOrderMapper.insert     : <==    Updates: 1
2022-05-15 21:31:51.273 DEBUG 15100 --- [http-nio-8081-exec-3] m.s.m.SeckillVoucherMapper.selectById    : ==>  Preparing: SELECT voucher_id,stock,create_time,begin_time,end_time,update_time FROM tb_seckill_voucher WHERE voucher_id=?
2022-05-15 21:31:51.273 DEBUG 15100 --- [http-nio-8081-exec-3] m.s.m.SeckillVoucherMapper.selectById    : ==> Parameters: 2(Long)
2022-05-15 21:31:51.274 DEBUG 15100 --- [http-nio-8081-exec-3] m.s.m.SeckillVoucherMapper.selectById    : <==      Total: 1
2022-05-15 21:31:51.275 DEBUG 15100 --- [http-nio-8081-exec-3] m.s.mapper.SeckillVoucherMapper.update   : ==>  Preparing: UPDATE tb_seckill_voucher SET stock = stock - 1 WHERE (voucher_id = ?)
2022-05-15 21:31:51.276 DEBUG 15100 --- [http-nio-8081-exec-3] m.s.mapper.SeckillVoucherMapper.update   : ==> Parameters: 2(Long)
2022-05-15 21:31:51.278 DEBUG 15100 --- [http-nio-8081-exec-3] m.s.mapper.SeckillVoucherMapper.update   : <==    Updates: 1
2022-05-15 21:31:51.279 DEBUG 15100 --- [http-nio-8081-exec-3] m.s.mapper.VoucherOrderMapper.insert     : ==>  Preparing: INSERT INTO tb_voucher_order ( id, user_id, voucher_id ) VALUES ( ?, ?, ? )
2022-05-15 21:31:51.280 DEBUG 15100 --- [http-nio-8081-exec-3] m.s.mapper.VoucherOrderMapper.insert     : ==> Parameters: 50058320576249909(Long), 5(Long), 2(Long)
2022-05-15 21:31:51.282 DEBUG 15100 --- [http-nio-8081-exec-3] m.s.mapper.VoucherOrderMapper.insert     : <==    Updates: 1
2022-05-15 21:31:51.282 DEBUG 15100 --- [http-nio-8081-exec-13] m.s.m.SeckillVoucherMapper.selectById    : ==>  Preparing: SELECT voucher_id,stock,create_time,begin_time,end_time,update_time FROM tb_seckill_voucher WHERE voucher_id=?
2022-05-15 21:31:51.283 DEBUG 15100 --- [http-nio-8081-exec-13] m.s.m.SeckillVoucherMapper.selectById    : ==> Parameters: 2(Long)
2022-05-15 21:31:51.284 DEBUG 15100 --- [http-nio-8081-exec-13] m.s.m.SeckillVoucherMapper.selectById    : <==      Total: 1
2022-05-15 21:31:51.285 DEBUG 15100 --- [http-nio-8081-exec-13] m.s.mapper.SeckillVoucherMapper.update   : ==>  Preparing: UPDATE tb_seckill_voucher SET stock = stock - 1 WHERE (voucher_id = ?)
2022-05-15 21:31:51.285 DEBUG 15100 --- [http-nio-8081-exec-13] m.s.mapper.SeckillVoucherMapper.update   : ==> Parameters: 2(Long)
2022-05-15 21:31:51.287 DEBUG 15100 --- [http-nio-8081-exec-13] m.s.mapper.SeckillVoucherMapper.update   : <==    Updates: 1
2022-05-15 21:31:51.289 DEBUG 15100 --- [http-nio-8081-exec-13] m.s.mapper.VoucherOrderMapper.insert     : ==>  Preparing: INSERT INTO tb_voucher_order ( id, user_id, voucher_id ) VALUES ( ?, ?, ? )
2022-05-15 21:31:51.289 DEBUG 15100 --- [http-nio-8081-exec-13] m.s.mapper.VoucherOrderMapper.insert     : ==> Parameters: 50058320576249910(Long), 5(Long), 2(Long)
2022-05-15 21:31:51.291 DEBUG 15100 --- [http-nio-8081-exec-13] m.s.mapper.VoucherOrderMapper.insert     : <==    Updates: 1
2022-05-15 21:31:51.292 DEBUG 15100 --- [http-nio-8081-exec-10] m.s.m.SeckillVoucherMapper.selectById    : ==>  Preparing: SELECT voucher_id,stock,create_time,begin_time,end_time,update_time FROM tb_seckill_voucher WHERE voucher_id=?
2022-05-15 21:31:51.292 DEBUG 15100 --- [http-nio-8081-exec-10] m.s.m.SeckillVoucherMapper.selectById    : ==> Parameters: 2(Long)
2022-05-15 21:31:51.293 DEBUG 15100 --- [http-nio-8081-exec-10] m.s.m.SeckillVoucherMapper.selectById    : <==      Total: 1
2022-05-15 21:31:51.295 DEBUG 15100 --- [http-nio-8081-exec-10] m.s.mapper.SeckillVoucherMapper.update   : ==>  Preparing: UPDATE tb_seckill_voucher SET stock = stock - 1 WHERE (voucher_id = ?)
2022-05-15 21:31:51.295 DEBUG 15100 --- [http-nio-8081-exec-10] m.s.mapper.SeckillVoucherMapper.update   : ==> Parameters: 2(Long)
2022-05-15 21:31:51.297 DEBUG 15100 --- [http-nio-8081-exec-10] m.s.mapper.SeckillVoucherMapper.update   : <==    Updates: 1
2022-05-15 21:31:51.298 DEBUG 15100 --- [http-nio-8081-exec-10] m.s.mapper.VoucherOrderMapper.insert     : ==>  Preparing: INSERT INTO tb_voucher_order ( id, user_id, voucher_id ) VALUES ( ?, ?, ? )
2022-05-15 21:31:51.299 DEBUG 15100 --- [http-nio-8081-exec-10] m.s.mapper.VoucherOrderMapper.insert     : ==> Parameters: 50058320576249911(Long), 5(Long), 2(Long)
2022-05-15 21:31:51.301 DEBUG 15100 --- [http-nio-8081-exec-10] m.s.mapper.VoucherOrderMapper.insert     : <==    Updates: 1
2022-05-15 21:31:51.302 DEBUG 15100 --- [http-nio-8081-exec-8] m.s.m.SeckillVoucherMapper.selectById    : ==>  Preparing: SELECT voucher_id,stock,create_time,begin_time,end_time,update_time FROM tb_seckill_voucher WHERE voucher_id=?
2022-05-15 21:31:51.302 DEBUG 15100 --- [http-nio-8081-exec-8] m.s.m.SeckillVoucherMapper.selectById    : ==> Parameters: 2(Long)
2022-05-15 21:31:51.303 DEBUG 15100 --- [http-nio-8081-exec-8] m.s.m.SeckillVoucherMapper.selectById    : <==      Total: 1
2022-05-15 21:31:51.304 DEBUG 15100 --- [http-nio-8081-exec-8] m.s.mapper.SeckillVoucherMapper.update   : ==>  Preparing: UPDATE tb_seckill_voucher SET stock = stock - 1 WHERE (voucher_id = ?)
2022-05-15 21:31:51.305 DEBUG 15100 --- [http-nio-8081-exec-8] m.s.mapper.SeckillVoucherMapper.update   : ==> Parameters: 2(Long)
2022-05-15 21:31:51.307 DEBUG 15100 --- [http-nio-8081-exec-8] m.s.mapper.SeckillVoucherMapper.update   : <==    Updates: 1
2022-05-15 21:31:51.309 DEBUG 15100 --- [http-nio-8081-exec-8] m.s.mapper.VoucherOrderMapper.insert     : ==>  Preparing: INSERT INTO tb_voucher_order ( id, user_id, voucher_id ) VALUES ( ?, ?, ? )
2022-05-15 21:31:51.309 DEBUG 15100 --- [http-nio-8081-exec-8] m.s.mapper.VoucherOrderMapper.insert     : ==> Parameters: 50058320576249912(Long), 5(Long), 2(Long)
2022-05-15 21:31:51.311 DEBUG 15100 --- [http-nio-8081-exec-8] m.s.mapper.VoucherOrderMapper.insert     : <==    Updates: 1
2022-05-15 21:31:51.312 DEBUG 15100 --- [http-nio-8081-exec-17] m.s.m.SeckillVoucherMapper.selectById    : ==>  Preparing: SELECT voucher_id,stock,create_time,begin_time,end_time,update_time FROM tb_seckill_voucher WHERE voucher_id=?
2022-05-15 21:31:51.312 DEBUG 15100 --- [http-nio-8081-exec-17] m.s.m.SeckillVoucherMapper.selectById    : ==> Parameters: 2(Long)
2022-05-15 21:31:51.313 DEBUG 15100 --- [http-nio-8081-exec-17] m.s.m.SeckillVoucherMapper.selectById    : <==      Total: 1
2022-05-15 21:31:51.314 DEBUG 15100 --- [http-nio-8081-exec-17] m.s.mapper.SeckillVoucherMapper.update   : ==>  Preparing: UPDATE tb_seckill_voucher SET stock = stock - 1 WHERE (voucher_id = ?)
2022-05-15 21:31:51.314 DEBUG 15100 --- [http-nio-8081-exec-17] m.s.mapper.SeckillVoucherMapper.update   : ==> Parameters: 2(Long)
2022-05-15 21:31:51.317 DEBUG 15100 --- [http-nio-8081-exec-17] m.s.mapper.SeckillVoucherMapper.update   : <==    Updates: 1
2022-05-15 21:31:51.318 DEBUG 15100 --- [http-nio-8081-exec-17] m.s.mapper.VoucherOrderMapper.insert     : ==>  Preparing: INSERT INTO tb_voucher_order ( id, user_id, voucher_id ) VALUES ( ?, ?, ? )
2022-05-15 21:31:51.318 DEBUG 15100 --- [http-nio-8081-exec-17] m.s.mapper.VoucherOrderMapper.insert     : ==> Parameters: 50058320576249913(Long), 5(Long), 2(Long)
2022-05-15 21:31:51.321 DEBUG 15100 --- [http-nio-8081-exec-17] m.s.mapper.VoucherOrderMapper.insert     : <==    Updates: 1
2022-05-15 21:31:51.322 DEBUG 15100 --- [http-nio-8081-exec-5] m.s.m.SeckillVoucherMapper.selectById    : ==>  Preparing: SELECT voucher_id,stock,create_time,begin_time,end_time,update_time FROM tb_seckill_voucher WHERE voucher_id=?
2022-05-15 21:31:51.323 DEBUG 15100 --- [http-nio-8081-exec-5] m.s.m.SeckillVoucherMapper.selectById    : ==> Parameters: 2(Long)
2022-05-15 21:31:51.324 DEBUG 15100 --- [http-nio-8081-exec-5] m.s.m.SeckillVoucherMapper.selectById    : <==      Total: 1
2022-05-15 21:31:51.325 DEBUG 15100 --- [http-nio-8081-exec-5] m.s.mapper.SeckillVoucherMapper.update   : ==>  Preparing: UPDATE tb_seckill_voucher SET stock = stock - 1 WHERE (voucher_id = ?)
2022-05-15 21:31:51.325 DEBUG 15100 --- [http-nio-8081-exec-5] m.s.mapper.SeckillVoucherMapper.update   : ==> Parameters: 2(Long)
2022-05-15 21:31:51.327 DEBUG 15100 --- [http-nio-8081-exec-5] m.s.mapper.SeckillVoucherMapper.update   : <==    Updates: 1
2022-05-15 21:31:51.328 DEBUG 15100 --- [http-nio-8081-exec-5] m.s.mapper.VoucherOrderMapper.insert     : ==>  Preparing: INSERT INTO tb_voucher_order ( id, user_id, voucher_id ) VALUES ( ?, ?, ? )
2022-05-15 21:31:51.329 DEBUG 15100 --- [http-nio-8081-exec-5] m.s.mapper.VoucherOrderMapper.insert     : ==> Parameters: 50058320576249914(Long), 5(Long), 2(Long)
2022-05-15 21:31:51.331 DEBUG 15100 --- [http-nio-8081-exec-5] m.s.mapper.VoucherOrderMapper.insert     : <==    Updates: 1
2022-05-15 21:31:51.334 DEBUG 15100 --- [http-nio-8081-exec-1] m.s.m.SeckillVoucherMapper.selectById    : ==>  Preparing: SELECT voucher_id,stock,create_time,begin_time,end_time,update_time FROM tb_seckill_voucher WHERE voucher_id=?
2022-05-15 21:31:51.334 DEBUG 15100 --- [http-nio-8081-exec-1] m.s.m.SeckillVoucherMapper.selectById    : ==> Parameters: 2(Long)
2022-05-15 21:31:51.335 DEBUG 15100 --- [http-nio-8081-exec-1] m.s.m.SeckillVoucherMapper.selectById    : <==      Total: 1
2022-05-15 21:31:51.336 DEBUG 15100 --- [http-nio-8081-exec-1] m.s.mapper.SeckillVoucherMapper.update   : ==>  Preparing: UPDATE tb_seckill_voucher SET stock = stock - 1 WHERE (voucher_id = ?)
2022-05-15 21:31:51.336 DEBUG 15100 --- [http-nio-8081-exec-1] m.s.mapper.SeckillVoucherMapper.update   : ==> Parameters: 2(Long)
2022-05-15 21:31:51.339 DEBUG 15100 --- [http-nio-8081-exec-1] m.s.mapper.SeckillVoucherMapper.update   : <==    Updates: 1
2022-05-15 21:31:51.340 DEBUG 15100 --- [http-nio-8081-exec-1] m.s.mapper.VoucherOrderMapper.insert     : ==>  Preparing: INSERT INTO tb_voucher_order ( id, user_id, voucher_id ) VALUES ( ?, ?, ? )
2022-05-15 21:31:51.340 DEBUG 15100 --- [http-nio-8081-exec-1] m.s.mapper.VoucherOrderMapper.insert     : ==> Parameters: 50058320576249915(Long), 5(Long), 2(Long)
2022-05-15 21:31:51.342 DEBUG 15100 --- [http-nio-8081-exec-1] m.s.mapper.VoucherOrderMapper.insert     : <==    Updates: 1
2022-05-15 21:31:51.343 DEBUG 15100 --- [http-nio-8081-exec-18] m.s.m.SeckillVoucherMapper.selectById    : ==>  Preparing: SELECT voucher_id,stock,create_time,begin_time,end_time,update_time FROM tb_seckill_voucher WHERE voucher_id=?
2022-05-15 21:31:51.344 DEBUG 15100 --- [http-nio-8081-exec-18] m.s.m.SeckillVoucherMapper.selectById    : ==> Parameters: 2(Long)
2022-05-15 21:31:51.345 DEBUG 15100 --- [http-nio-8081-exec-18] m.s.m.SeckillVoucherMapper.selectById    : <==      Total: 1
2022-05-15 21:31:51.345 DEBUG 15100 --- [http-nio-8081-exec-18] m.s.mapper.SeckillVoucherMapper.update   : ==>  Preparing: UPDATE tb_seckill_voucher SET stock = stock - 1 WHERE (voucher_id = ?)
2022-05-15 21:31:51.346 DEBUG 15100 --- [http-nio-8081-exec-18] m.s.mapper.SeckillVoucherMapper.update   : ==> Parameters: 2(Long)
2022-05-15 21:31:51.348 DEBUG 15100 --- [http-nio-8081-exec-18] m.s.mapper.SeckillVoucherMapper.update   : <==    Updates: 1
2022-05-15 21:31:51.349 DEBUG 15100 --- [http-nio-8081-exec-18] m.s.mapper.VoucherOrderMapper.insert     : ==>  Preparing: INSERT INTO tb_voucher_order ( id, user_id, voucher_id ) VALUES ( ?, ?, ? )
2022-05-15 21:31:51.349 DEBUG 15100 --- [http-nio-8081-exec-18] m.s.mapper.VoucherOrderMapper.insert     : ==> Parameters: 50058320576249916(Long), 5(Long), 2(Long)
2022-05-15 21:31:51.352 DEBUG 15100 --- [http-nio-8081-exec-18] m.s.mapper.VoucherOrderMapper.insert     : <==    Updates: 1
2022-05-15 21:31:51.353 DEBUG 15100 --- [http-nio-8081-exec-20] m.s.m.SeckillVoucherMapper.selectById    : ==>  Preparing: SELECT voucher_id,stock,create_time,begin_time,end_time,update_time FROM tb_seckill_voucher WHERE voucher_id=?
2022-05-15 21:31:51.353 DEBUG 15100 --- [http-nio-8081-exec-20] m.s.m.SeckillVoucherMapper.selectById    : ==> Parameters: 2(Long)
2022-05-15 21:31:51.354 DEBUG 15100 --- [http-nio-8081-exec-20] m.s.m.SeckillVoucherMapper.selectById    : <==      Total: 1
2022-05-15 21:31:51.355 DEBUG 15100 --- [http-nio-8081-exec-20] m.s.mapper.SeckillVoucherMapper.update   : ==>  Preparing: UPDATE tb_seckill_voucher SET stock = stock - 1 WHERE (voucher_id = ?)
