2022-05-15 21:31:51.355 DEBUG 15100 --- [http-nio-8081-exec-20] m.s.mapper.SeckillVoucherMapper.update   : ==> Parameters: 2(Long)
2022-05-15 21:31:51.360 DEBUG 15100 --- [http-nio-8081-exec-20] m.s.mapper.SeckillVoucherMapper.update   : <==    Updates: 1
2022-05-15 21:31:51.361 DEBUG 15100 --- [http-nio-8081-exec-20] m.s.mapper.VoucherOrderMapper.insert     : ==>  Preparing: INSERT INTO tb_voucher_order ( id, user_id, voucher_id ) VALUES ( ?, ?, ? )
2022-05-15 21:31:51.362 DEBUG 15100 --- [http-nio-8081-exec-20] m.s.mapper.VoucherOrderMapper.insert     : ==> Parameters: 50058320576249917(Long), 5(Long), 2(Long)
2022-05-15 21:31:51.363 DEBUG 15100 --- [http-nio-8081-exec-6] m.s.m.SeckillVoucherMapper.selectById    : ==>  Preparing: SELECT voucher_id,stock,create_time,begin_time,end_time,update_time FROM tb_seckill_voucher WHERE voucher_id=?
2022-05-15 21:31:51.364 DEBUG 15100 --- [http-nio-8081-exec-6] m.s.m.SeckillVoucherMapper.selectById    : ==> Parameters: 2(Long)
2022-05-15 21:31:51.365 DEBUG 15100 --- [http-nio-8081-exec-20] m.s.mapper.VoucherOrderMapper.insert     : <==    Updates: 1
2022-05-15 21:31:51.365 DEBUG 15100 --- [http-nio-8081-exec-6] m.s.m.SeckillVoucherMapper.selectById    : <==      Total: 1
2022-05-15 21:31:51.367 DEBUG 15100 --- [http-nio-8081-exec-6] m.s.mapper.SeckillVoucherMapper.update   : ==>  Preparing: UPDATE tb_seckill_voucher SET stock = stock - 1 WHERE (voucher_id = ?)
2022-05-15 21:31:51.367 DEBUG 15100 --- [http-nio-8081-exec-6] m.s.mapper.SeckillVoucherMapper.update   : ==> Parameters: 2(Long)
2022-05-15 21:31:51.370 DEBUG 15100 --- [http-nio-8081-exec-6] m.s.mapper.SeckillVoucherMapper.update   : <==    Updates: 1
2022-05-15 21:31:51.371 DEBUG 15100 --- [http-nio-8081-exec-6] m.s.mapper.VoucherOrderMapper.insert     : ==>  Preparing: INSERT INTO tb_voucher_order ( id, user_id, voucher_id ) VALUES ( ?, ?, ? )
2022-05-15 21:31:51.372 DEBUG 15100 --- [http-nio-8081-exec-6] m.s.mapper.VoucherOrderMapper.insert     : ==> Parameters: 50058320576249918(Long), 5(Long), 2(Long)
2022-05-15 21:31:51.374 DEBUG 15100 --- [http-nio-8081-exec-12] m.s.m.SeckillVoucherMapper.selectById    : ==>  Preparing: SELECT voucher_id,stock,create_time,begin_time,end_time,update_time FROM tb_seckill_voucher WHERE voucher_id=?
2022-05-15 21:31:51.374 DEBUG 15100 --- [http-nio-8081-exec-12] m.s.m.SeckillVoucherMapper.selectById    : ==> Parameters: 2(Long)
2022-05-15 21:31:51.375 DEBUG 15100 --- [http-nio-8081-exec-6] m.s.mapper.VoucherOrderMapper.insert     : <==    Updates: 1
2022-05-15 21:31:51.375 DEBUG 15100 --- [http-nio-8081-exec-12] m.s.m.SeckillVoucherMapper.selectById    : <==      Total: 1
2022-05-15 21:31:51.376 DEBUG 15100 --- [http-nio-8081-exec-12] m.s.mapper.SeckillVoucherMapper.update   : ==>  Preparing: UPDATE tb_seckill_voucher SET stock = stock - 1 WHERE (voucher_id = ?)
2022-05-15 21:31:51.376 DEBUG 15100 --- [http-nio-8081-exec-12] m.s.mapper.SeckillVoucherMapper.update   : ==> Parameters: 2(Long)
2022-05-15 21:31:51.379 DEBUG 15100 --- [http-nio-8081-exec-12] m.s.mapper.SeckillVoucherMapper.update   : <==    Updates: 1
2022-05-15 21:31:51.380 DEBUG 15100 --- [http-nio-8081-exec-12] m.s.mapper.VoucherOrderMapper.insert     : ==>  Preparing: INSERT INTO tb_voucher_order ( id, user_id, voucher_id ) VALUES ( ?, ?, ? )
2022-05-15 21:31:51.381 DEBUG 15100 --- [http-nio-8081-exec-12] m.s.mapper.VoucherOrderMapper.insert     : ==> Parameters: 50058320576249919(Long), 5(Long), 2(Long)
2022-05-15 21:31:51.383 DEBUG 15100 --- [http-nio-8081-exec-7] m.s.m.SeckillVoucherMapper.selectById    : ==>  Preparing: SELECT voucher_id,stock,create_time,begin_time,end_time,update_time FROM tb_seckill_voucher WHERE voucher_id=?
2022-05-15 21:31:51.383 DEBUG 15100 --- [http-nio-8081-exec-7] m.s.m.SeckillVoucherMapper.selectById    : ==> Parameters: 2(Long)
2022-05-15 21:31:51.384 DEBUG 15100 --- [http-nio-8081-exec-12] m.s.mapper.VoucherOrderMapper.insert     : <==    Updates: 1
2022-05-15 21:31:51.384 DEBUG 15100 --- [http-nio-8081-exec-7] m.s.m.SeckillVoucherMapper.selectById    : <==      Total: 1
2022-05-15 21:31:51.385 DEBUG 15100 --- [http-nio-8081-exec-7] m.s.mapper.SeckillVoucherMapper.update   : ==>  Preparing: UPDATE tb_seckill_voucher SET stock = stock - 1 WHERE (voucher_id = ?)
2022-05-15 21:31:51.386 DEBUG 15100 --- [http-nio-8081-exec-7] m.s.mapper.SeckillVoucherMapper.update   : ==> Parameters: 2(Long)
2022-05-15 21:31:51.388 DEBUG 15100 --- [http-nio-8081-exec-7] m.s.mapper.SeckillVoucherMapper.update   : <==    Updates: 1
2022-05-15 21:31:51.390 DEBUG 15100 --- [http-nio-8081-exec-7] m.s.mapper.VoucherOrderMapper.insert     : ==>  Preparing: INSERT INTO tb_voucher_order ( id, user_id, voucher_id ) VALUES ( ?, ?, ? )
2022-05-15 21:31:51.390 DEBUG 15100 --- [http-nio-8081-exec-7] m.s.mapper.VoucherOrderMapper.insert     : ==> Parameters: 50058320576249920(Long), 5(Long), 2(Long)
2022-05-15 21:31:51.392 DEBUG 15100 --- [http-nio-8081-exec-11] m.s.m.SeckillVoucherMapper.selectById    : ==>  Preparing: SELECT voucher_id,stock,create_time,begin_time,end_time,update_time FROM tb_seckill_voucher WHERE voucher_id=?
2022-05-15 21:31:51.392 DEBUG 15100 --- [http-nio-8081-exec-7] m.s.mapper.VoucherOrderMapper.insert     : <==    Updates: 1
2022-05-15 21:31:51.393 DEBUG 15100 --- [http-nio-8081-exec-11] m.s.m.SeckillVoucherMapper.selectById    : ==> Parameters: 2(Long)
2022-05-15 21:31:51.394 DEBUG 15100 --- [http-nio-8081-exec-11] m.s.m.SeckillVoucherMapper.selectById    : <==      Total: 1
2022-05-15 21:31:51.395 DEBUG 15100 --- [http-nio-8081-exec-11] m.s.mapper.SeckillVoucherMapper.update   : ==>  Preparing: UPDATE tb_seckill_voucher SET stock = stock - 1 WHERE (voucher_id = ?)
2022-05-15 21:31:51.395 DEBUG 15100 --- [http-nio-8081-exec-11] m.s.mapper.SeckillVoucherMapper.update   : ==> Parameters: 2(Long)
2022-05-15 21:31:51.397 DEBUG 15100 --- [http-nio-8081-exec-11] m.s.mapper.SeckillVoucherMapper.update   : <==    Updates: 1
2022-05-15 21:31:51.398 DEBUG 15100 --- [http-nio-8081-exec-11] m.s.mapper.VoucherOrderMapper.insert     : ==>  Preparing: INSERT INTO tb_voucher_order ( id, user_id, voucher_id ) VALUES ( ?, ?, ? )
2022-05-15 21:31:51.399 DEBUG 15100 --- [http-nio-8081-exec-11] m.s.mapper.VoucherOrderMapper.insert     : ==> Parameters: 50058320576249921(Long), 5(Long), 2(Long)
2022-05-15 21:31:51.402 DEBUG 15100 --- [http-nio-8081-exec-11] m.s.mapper.VoucherOrderMapper.insert     : <==    Updates: 1
2022-05-15 21:31:51.403 DEBUG 15100 --- [http-nio-8081-exec-2] m.s.m.SeckillVoucherMapper.selectById    : ==>  Preparing: SELECT voucher_id,stock,create_time,begin_time,end_time,update_time FROM tb_seckill_voucher WHERE voucher_id=?
2022-05-15 21:31:51.404 DEBUG 15100 --- [http-nio-8081-exec-2] m.s.m.SeckillVoucherMapper.selectById    : ==> Parameters: 2(Long)
2022-05-15 21:31:51.405 DEBUG 15100 --- [http-nio-8081-exec-2] m.s.m.SeckillVoucherMapper.selectById    : <==      Total: 1
2022-05-15 21:31:51.405 DEBUG 15100 --- [http-nio-8081-exec-2] m.s.mapper.SeckillVoucherMapper.update   : ==>  Preparing: UPDATE tb_seckill_voucher SET stock = stock - 1 WHERE (voucher_id = ?)
2022-05-15 21:31:51.405 DEBUG 15100 --- [http-nio-8081-exec-2] m.s.mapper.SeckillVoucherMapper.update   : ==> Parameters: 2(Long)
2022-05-15 21:31:51.408 DEBUG 15100 --- [http-nio-8081-exec-2] m.s.mapper.SeckillVoucherMapper.update   : <==    Updates: 1
2022-05-15 21:31:51.409 DEBUG 15100 --- [http-nio-8081-exec-2] m.s.mapper.VoucherOrderMapper.insert     : ==>  Preparing: INSERT INTO tb_voucher_order ( id, user_id, voucher_id ) VALUES ( ?, ?, ? )
2022-05-15 21:31:51.409 DEBUG 15100 --- [http-nio-8081-exec-2] m.s.mapper.VoucherOrderMapper.insert     : ==> Parameters: 50058320576249922(Long), 5(Long), 2(Long)
2022-05-15 21:31:51.412 DEBUG 15100 --- [http-nio-8081-exec-2] m.s.mapper.VoucherOrderMapper.insert     : <==    Updates: 1
2022-05-15 21:31:51.414 DEBUG 15100 --- [http-nio-8081-exec-16] m.s.m.SeckillVoucherMapper.selectById    : ==>  Preparing: SELECT voucher_id,stock,create_time,begin_time,end_time,update_time FROM tb_seckill_voucher WHERE voucher_id=?
2022-05-15 21:31:51.414 DEBUG 15100 --- [http-nio-8081-exec-16] m.s.m.SeckillVoucherMapper.selectById    : ==> Parameters: 2(Long)
2022-05-15 21:31:51.415 DEBUG 15100 --- [http-nio-8081-exec-16] m.s.m.SeckillVoucherMapper.selectById    : <==      Total: 1
2022-05-15 21:31:51.416 DEBUG 15100 --- [http-nio-8081-exec-16] m.s.mapper.SeckillVoucherMapper.update   : ==>  Preparing: UPDATE tb_seckill_voucher SET stock = stock - 1 WHERE (voucher_id = ?)
2022-05-15 21:31:51.416 DEBUG 15100 --- [http-nio-8081-exec-16] m.s.mapper.SeckillVoucherMapper.update   : ==> Parameters: 2(Long)
2022-05-15 21:31:51.419 DEBUG 15100 --- [http-nio-8081-exec-16] m.s.mapper.SeckillVoucherMapper.update   : <==    Updates: 1
2022-05-15 21:31:51.420 DEBUG 15100 --- [http-nio-8081-exec-16] m.s.mapper.VoucherOrderMapper.insert     : ==>  Preparing: INSERT INTO tb_voucher_order ( id, user_id, voucher_id ) VALUES ( ?, ?, ? )
2022-05-15 21:31:51.420 DEBUG 15100 --- [http-nio-8081-exec-16] m.s.mapper.VoucherOrderMapper.insert     : ==> Parameters: 50058320576249923(Long), 5(Long), 2(Long)
2022-05-15 21:31:51.423 DEBUG 15100 --- [http-nio-8081-exec-16] m.s.mapper.VoucherOrderMapper.insert     : <==    Updates: 1
2022-05-15 21:31:51.423 DEBUG 15100 --- [http-nio-8081-exec-4] m.s.m.SeckillVoucherMapper.selectById    : ==>  Preparing: SELECT voucher_id,stock,create_time,begin_time,end_time,update_time FROM tb_seckill_voucher WHERE voucher_id=?
2022-05-15 21:31:51.423 DEBUG 15100 --- [http-nio-8081-exec-4] m.s.m.SeckillVoucherMapper.selectById    : ==> Parameters: 2(Long)
2022-05-15 21:31:51.425 DEBUG 15100 --- [http-nio-8081-exec-4] m.s.m.SeckillVoucherMapper.selectById    : <==      Total: 1
2022-05-15 21:31:51.426 DEBUG 15100 --- [http-nio-8081-exec-4] m.s.mapper.SeckillVoucherMapper.update   : ==>  Preparing: UPDATE tb_seckill_voucher SET stock = stock - 1 WHERE (voucher_id = ?)
2022-05-15 21:31:51.426 DEBUG 15100 --- [http-nio-8081-exec-4] m.s.mapper.SeckillVoucherMapper.update   : ==> Parameters: 2(Long)
2022-05-15 21:31:51.428 DEBUG 15100 --- [http-nio-8081-exec-4] m.s.mapper.SeckillVoucherMapper.update   : <==    Updates: 1
2022-05-15 21:31:51.430 DEBUG 15100 --- [http-nio-8081-exec-4] m.s.mapper.VoucherOrderMapper.insert     : ==>  Preparing: INSERT INTO tb_voucher_order ( id, user_id, voucher_id ) VALUES ( ?, ?, ? )
2022-05-15 21:31:51.430 DEBUG 15100 --- [http-nio-8081-exec-4] m.s.mapper.VoucherOrderMapper.insert     : ==> Parameters: 50058320576249924(Long), 5(Long), 2(Long)
2022-05-15 21:31:51.433 DEBUG 15100 --- [http-nio-8081-exec-4] m.s.mapper.VoucherOrderMapper.insert     : <==    Updates: 1
2022-05-15 21:31:51.433 DEBUG 15100 --- [http-nio-8081-exec-19] m.s.m.SeckillVoucherMapper.selectById    : ==>  Preparing: SELECT voucher_id,stock,create_time,begin_time,end_time,update_time FROM tb_seckill_voucher WHERE voucher_id=?
2022-05-15 21:31:51.433 DEBUG 15100 --- [http-nio-8081-exec-19] m.s.m.SeckillVoucherMapper.selectById    : ==> Parameters: 2(Long)
2022-05-15 21:31:51.434 DEBUG 15100 --- [http-nio-8081-exec-19] m.s.m.SeckillVoucherMapper.selectById    : <==      Total: 1
2022-05-15 21:31:51.435 DEBUG 15100 --- [http-nio-8081-exec-19] m.s.mapper.SeckillVoucherMapper.update   : ==>  Preparing: UPDATE tb_seckill_voucher SET stock = stock - 1 WHERE (voucher_id = ?)
2022-05-15 21:31:51.435 DEBUG 15100 --- [http-nio-8081-exec-19] m.s.mapper.SeckillVoucherMapper.update   : ==> Parameters: 2(Long)
2022-05-15 21:31:51.437 DEBUG 15100 --- [http-nio-8081-exec-19] m.s.mapper.SeckillVoucherMapper.update   : <==    Updates: 1
2022-05-15 21:31:51.438 DEBUG 15100 --- [http-nio-8081-exec-19] m.s.mapper.VoucherOrderMapper.insert     : ==>  Preparing: INSERT INTO tb_voucher_order ( id, user_id, voucher_id ) VALUES ( ?, ?, ? )
2022-05-15 21:31:51.439 DEBUG 15100 --- [http-nio-8081-exec-19] m.s.mapper.VoucherOrderMapper.insert     : ==> Parameters: 50058320576249925(Long), 5(Long), 2(Long)
2022-05-15 21:31:51.441 DEBUG 15100 --- [http-nio-8081-exec-19] m.s.mapper.VoucherOrderMapper.insert     : <==    Updates: 1
2022-05-15 21:31:51.442 DEBUG 15100 --- [http-nio-8081-exec-9] m.s.m.SeckillVoucherMapper.selectById    : ==>  Preparing: SELECT voucher_id,stock,create_time,begin_time,end_time,update_time FROM tb_seckill_voucher WHERE voucher_id=?
2022-05-15 21:31:51.443 DEBUG 15100 --- [http-nio-8081-exec-9] m.s.m.SeckillVoucherMapper.selectById    : ==> Parameters: 2(Long)
2022-05-15 21:31:51.444 DEBUG 15100 --- [http-nio-8081-exec-9] m.s.m.SeckillVoucherMapper.selectById    : <==      Total: 1
2022-05-15 21:31:51.445 DEBUG 15100 --- [http-nio-8081-exec-9] m.s.mapper.SeckillVoucherMapper.update   : ==>  Preparing: UPDATE tb_seckill_voucher SET stock = stock - 1 WHERE (voucher_id = ?)
2022-05-15 21:31:51.445 DEBUG 15100 --- [http-nio-8081-exec-9] m.s.mapper.SeckillVoucherMapper.update   : ==> Parameters: 2(Long)
2022-05-15 21:31:51.447 DEBUG 15100 --- [http-nio-8081-exec-9] m.s.mapper.SeckillVoucherMapper.update   : <==    Updates: 1
2022-05-15 21:31:51.448 DEBUG 15100 --- [http-nio-8081-exec-9] m.s.mapper.VoucherOrderMapper.insert     : ==>  Preparing: INSERT INTO tb_voucher_order ( id, user_id, voucher_id ) VALUES ( ?, ?, ? )
2022-05-15 21:31:51.448 DEBUG 15100 --- [http-nio-8081-exec-9] m.s.mapper.VoucherOrderMapper.insert     : ==> Parameters: 50058320576249926(Long), 5(Long), 2(Long)
2022-05-15 21:31:51.451 DEBUG 15100 --- [http-nio-8081-exec-9] m.s.mapper.VoucherOrderMapper.insert     : <==    Updates: 1
2022-05-15 21:31:51.452 DEBUG 15100 --- [http-nio-8081-exec-14] m.s.m.SeckillVoucherMapper.selectById    : ==>  Preparing: SELECT voucher_id,stock,create_time,begin_time,end_time,update_time FROM tb_seckill_voucher WHERE voucher_id=?
2022-05-15 21:31:51.453 DEBUG 15100 --- [http-nio-8081-exec-14] m.s.m.SeckillVoucherMapper.selectById    : ==> Parameters: 2(Long)
2022-05-15 21:31:51.454 DEBUG 15100 --- [http-nio-8081-exec-14] m.s.m.SeckillVoucherMapper.selectById    : <==      Total: 1
2022-05-15 21:31:51.454 DEBUG 15100 --- [http-nio-8081-exec-14] m.s.mapper.SeckillVoucherMapper.update   : ==>  Preparing: UPDATE tb_seckill_voucher SET stock = stock - 1 WHERE (voucher_id = ?)
2022-05-15 21:31:51.455 DEBUG 15100 --- [http-nio-8081-exec-14] m.s.mapper.SeckillVoucherMapper.update   : ==> Parameters: 2(Long)
2022-05-15 21:31:51.457 DEBUG 15100 --- [http-nio-8081-exec-14] m.s.mapper.SeckillVoucherMapper.update   : <==    Updates: 1
2022-05-15 21:31:51.458 DEBUG 15100 --- [http-nio-8081-exec-14] m.s.mapper.VoucherOrderMapper.insert     : ==>  Preparing: INSERT INTO tb_voucher_order ( id, user_id, voucher_id ) VALUES ( ?, ?, ? )
2022-05-15 21:31:51.458 DEBUG 15100 --- [http-nio-8081-exec-14] m.s.mapper.VoucherOrderMapper.insert     : ==> Parameters: 50058320576249927(Long), 5(Long), 2(Long)
2022-05-15 21:31:51.460 DEBUG 15100 --- [http-nio-8081-exec-14] m.s.mapper.VoucherOrderMapper.insert     : <==    Updates: 1
2022-05-15 21:31:51.464 DEBUG 15100 --- [http-nio-8081-exec-6] m.s.m.SeckillVoucherMapper.selectById    : ==>  Preparing: SELECT voucher_id,stock,create_time,begin_time,end_time,update_time FROM tb_seckill_voucher WHERE voucher_id=?
2022-05-15 21:31:51.464 DEBUG 15100 --- [http-nio-8081-exec-6] m.s.m.SeckillVoucherMapper.selectById    : ==> Parameters: 2(Long)
2022-05-15 21:31:51.465 DEBUG 15100 --- [http-nio-8081-exec-6] m.s.m.SeckillVoucherMapper.selectById    : <==      Total: 1
2022-05-15 21:31:51.466 DEBUG 15100 --- [http-nio-8081-exec-6] m.s.mapper.SeckillVoucherMapper.update   : ==>  Preparing: UPDATE tb_seckill_voucher SET stock = stock - 1 WHERE (voucher_id = ?)
2022-05-15 21:31:51.466 DEBUG 15100 --- [http-nio-8081-exec-6] m.s.mapper.SeckillVoucherMapper.update   : ==> Parameters: 2(Long)
2022-05-15 21:31:51.468 DEBUG 15100 --- [http-nio-8081-exec-6] m.s.mapper.SeckillVoucherMapper.update   : <==    Updates: 1
2022-05-15 21:31:51.470 DEBUG 15100 --- [http-nio-8081-exec-6] m.s.mapper.VoucherOrderMapper.insert     : ==>  Preparing: INSERT INTO tb_voucher_order ( id, user_id, voucher_id ) VALUES ( ?, ?, ? )
2022-05-15 21:31:51.470 DEBUG 15100 --- [http-nio-8081-exec-6] m.s.mapper.VoucherOrderMapper.insert     : ==> Parameters: 50058320576249928(Long), 5(Long), 2(Long)
2022-05-15 21:31:51.473 DEBUG 15100 --- [http-nio-8081-exec-6] m.s.mapper.VoucherOrderMapper.insert     : <==    Updates: 1
2022-05-15 21:31:51.473 DEBUG 15100 --- [http-nio-8081-exec-3] m.s.m.SeckillVoucherMapper.selectById    : ==>  Preparing: SELECT voucher_id,stock,create_time,begin_time,end_time,update_time FROM tb_seckill_voucher WHERE voucher_id=?
2022-05-15 21:31:51.474 DEBUG 15100 --- [http-nio-8081-exec-3] m.s.m.SeckillVoucherMapper.selectById    : ==> Parameters: 2(Long)
2022-05-15 21:31:51.474 DEBUG 15100 --- [http-nio-8081-exec-3] m.s.m.SeckillVoucherMapper.selectById    : <==      Total: 1
2022-05-15 21:31:51.475 DEBUG 15100 --- [http-nio-8081-exec-3] m.s.mapper.SeckillVoucherMapper.update   : ==>  Preparing: UPDATE tb_seckill_voucher SET stock = stock - 1 WHERE (voucher_id = ?)
2022-05-15 21:31:51.475 DEBUG 15100 --- [http-nio-8081-exec-3] m.s.mapper.SeckillVoucherMapper.update   : ==> Parameters: 2(Long)
2022-05-15 21:31:51.478 DEBUG 15100 --- [http-nio-8081-exec-3] m.s.mapper.SeckillVoucherMapper.update   : <==    Updates: 1
2022-05-15 21:31:51.479 DEBUG 15100 --- [http-nio-8081-exec-3] m.s.mapper.VoucherOrderMapper.insert     : ==>  Preparing: INSERT INTO tb_voucher_order ( id, user_id, voucher_id ) VALUES ( ?, ?, ? )
2022-05-15 21:31:51.479 DEBUG 15100 --- [http-nio-8081-exec-3] m.s.mapper.VoucherOrderMapper.insert     : ==> Parameters: 50058320576249929(Long), 5(Long), 2(Long)
2022-05-15 21:31:51.482 DEBUG 15100 --- [http-nio-8081-exec-3] m.s.mapper.VoucherOrderMapper.insert     : <==    Updates: 1
2022-05-15 21:31:51.483 DEBUG 15100 --- [http-nio-8081-exec-13] m.s.m.SeckillVoucherMapper.selectById    : ==>  Preparing: SELECT voucher_id,stock,create_time,begin_time,end_time,update_time FROM tb_seckill_voucher WHERE voucher_id=?
2022-05-15 21:31:51.483 DEBUG 15100 --- [http-nio-8081-exec-13] m.s.m.SeckillVoucherMapper.selectById    : ==> Parameters: 2(Long)
2022-05-15 21:31:51.484 DEBUG 15100 --- [http-nio-8081-exec-13] m.s.m.SeckillVoucherMapper.selectById    : <==      Total: 1
2022-05-15 21:31:51.485 DEBUG 15100 --- [http-nio-8081-exec-13] m.s.mapper.SeckillVoucherMapper.update   : ==>  Preparing: UPDATE tb_seckill_voucher SET stock = stock - 1 WHERE (voucher_id = ?)
2022-05-15 21:31:51.485 DEBUG 15100 --- [http-nio-8081-exec-13] m.s.mapper.SeckillVoucherMapper.update   : ==> Parameters: 2(Long)
2022-05-15 21:31:51.487 DEBUG 15100 --- [http-nio-8081-exec-13] m.s.mapper.SeckillVoucherMapper.update   : <==    Updates: 1
2022-05-15 21:31:51.489 DEBUG 15100 --- [http-nio-8081-exec-13] m.s.mapper.VoucherOrderMapper.insert     : ==>  Preparing: INSERT INTO tb_voucher_order ( id, user_id, voucher_id ) VALUES ( ?, ?, ? )
2022-05-15 21:31:51.489 DEBUG 15100 --- [http-nio-8081-exec-13] m.s.mapper.VoucherOrderMapper.insert     : ==> Parameters: 50058320576249930(Long), 5(Long), 2(Long)
2022-05-15 21:31:51.492 DEBUG 15100 --- [http-nio-8081-exec-13] m.s.mapper.VoucherOrderMapper.insert     : <==    Updates: 1
2022-05-15 21:31:51.493 DEBUG 15100 --- [http-nio-8081-exec-10] m.s.m.SeckillVoucherMapper.selectById    : ==>  Preparing: SELECT voucher_id,stock,create_time,begin_time,end_time,update_time FROM tb_seckill_voucher WHERE voucher_id=?
2022-05-15 21:31:51.493 DEBUG 15100 --- [http-nio-8081-exec-10] m.s.m.SeckillVoucherMapper.selectById    : ==> Parameters: 2(Long)
2022-05-15 21:31:51.494 DEBUG 15100 --- [http-nio-8081-exec-10] m.s.m.SeckillVoucherMapper.selectById    : <==      Total: 1
2022-05-15 21:31:51.495 DEBUG 15100 --- [http-nio-8081-exec-10] m.s.mapper.SeckillVoucherMapper.update   : ==>  Preparing: UPDATE tb_seckill_voucher SET stock = stock - 1 WHERE (voucher_id = ?)
2022-05-15 21:31:51.495 DEBUG 15100 --- [http-nio-8081-exec-10] m.s.mapper.SeckillVoucherMapper.update   : ==> Parameters: 2(Long)
2022-05-15 21:31:51.498 DEBUG 15100 --- [http-nio-8081-exec-10] m.s.mapper.SeckillVoucherMapper.update   : <==    Updates: 1
